[2026-03-19 14:12:37] instance: EscalatorNonReactive | approach: spot_game+isop | status: realizable | and_gates: 0 | time: 0.3s | notes: spot_game+isop
[2026-03-19 14:12:38] instance: UnderapproxStrengthenedDemo | approach: spot_game+isop | status: realizable | and_gates: 0 | time: 0.3s | notes: spot_game+isop
[2026-03-19 14:12:38] instance: example10_pb_1_pe_ | approach: spot_game+ite | status: realizable | and_gates: 5 | time: 0.2s | notes: spot_game+ite
[2026-03-19 14:12:38] instance: example10a_pb_1_pe_ | approach: spot_game+both+ud+dc | status: realizable | and_gates: 19 | time: 0.3s | notes: spot_game+both+ud+dc
[2026-03-19 14:12:38] instance: example10_pb_2_pe_ | approach: spot_game+both+dc | status: realizable | and_gates: 16 | time: 0.4s | notes: spot_game+both+dc
[2026-03-19 14:12:38] instance: arbiter_pb_1_pe_ | approach: spot_game+isop | status: realizable | and_gates: 1 | time: 0.3s | notes: spot_game+isop
[2026-03-19 14:12:38] instance: arbiter_on_inpchange_pb_1_pe_ | approach: spot_game+both+ud+dc | status: realizable | and_gates: 55 | time: 0.5s | notes: spot_game+both+ud+dc
[2026-03-19 14:12:38] instance: example7_pb_1_pe_ | approach: spot_game+isop | status: realizable | and_gates: 0 | time: 0.2s | notes: spot_game+isop
[2026-03-19 14:12:38] instance: example7a_pb_1_pe_ | approach: spot_game+isop | status: realizable | and_gates: 0 | time: 0.2s | notes: spot_game+isop
[2026-03-19 14:12:38] instance: example9_pb_1_pe_ | approach: spot_game+isop | status: realizable | and_gates: 20 | time: 0.2s | notes: spot_game+isop
[2026-03-19 14:12:38] instance: example9_pb_2_pe_ | approach: spot_game+both+ud+dc | status: realizable | and_gates: 50 | time: 0.2s | notes: spot_game+both+ud+dc
[2026-03-19 14:12:38] instance: example10a_pb_2_pe_ | approach: spot_game+both+ud+dc | status: realizable | and_gates: 42 | time: 0.4s | notes: spot_game+both+ud+dc
[2026-03-19 14:12:38] instance: lilydemo13 | approach: spot_game+isop | status: realizable | and_gates: 1 | time: 0.2s | notes: spot_game+isop
[2026-03-19 14:12:38] instance: lilydemo09 | approach: spot_game+isop | status: realizable | and_gates: 7 | time: 0.3s | notes: spot_game+isop
[2026-03-19 14:12:38] instance: example8_pb_1_pe_ | approach: spot_game+ite | status: realizable | and_gates: 4 | time: 0.4s | notes: spot_game+ite
[2026-03-19 14:12:38] instance: lilydemo08 | approach: spot_game+isop | status: realizable | and_gates: 0 | time: 0.4s | notes: spot_game+isop
[2026-03-19 14:12:38] instance: lilydemo23 | approach: spot_game+both+dc | status: realizable | and_gates: 18 | time: 0.3s | notes: spot_game+both+dc
[2026-03-19 14:12:38] instance: ltl2dba22 | approach: spot_game+isop | status: realizable | and_gates: 1 | time: 0.3s | notes: spot_game+isop
[2026-03-19 14:12:38] instance: ltl2dba27 | approach: spot_game | status: unrealizable | and_gates: N/A | time: 0.3s | notes: spot_game
[2026-03-19 14:12:38] instance: ltl2dba_C2_pb_1_pe_ | approach: spot_game+isop | status: realizable | and_gates: 0 | time: 0.4s | notes: spot_game+isop
[2026-03-19 14:12:38] instance: ltl2dba_Q_pb_1_pe_ | approach: spot_game+isop | status: realizable | and_gates: 1 | time: 0.3s | notes: spot_game+isop
[2026-03-19 14:12:38] instance: ltl2dba_U1_pb_1_pe_ | approach: spot_game+both+ud+dc | status: realizable | and_gates: 4 | time: 0.3s | notes: spot_game+both+ud+dc
[2026-03-19 14:12:38] instance: ltl2dba_R_pb_1_pe_ | approach: spot_game+isop | status: realizable | and_gates: 0 | time: 0.4s | notes: spot_game+isop
[2026-03-19 14:12:38] instance: ltl2dba_E_pb_1_pe_ | approach: spot_game+isop | status: realizable | and_gates: 1 | time: 0.4s | notes: spot_game+isop
[2026-03-19 14:12:38] instance: CheckWindows_54e1f7d2 | approach: spot_game | status: unrealizable | and_gates: N/A | time: 0.3s | notes: spot_game
[2026-03-19 14:12:38] instance: Increment | approach: spot_game+isop | status: realizable | and_gates: 0 | time: 0.4s | notes: spot_game+isop
[2026-03-19 14:12:39] instance: SensorRegister | approach: spot_game+isop | status: realizable | and_gates: 0 | time: 0.4s | notes: spot_game+isop
[2026-03-19 14:12:39] instance: amba_decomposed_shift | approach: spot_game | status: unrealizable | and_gates: N/A | time: 0.3s | notes: spot_game
[2026-03-19 14:12:39] instance: ltl2dba12 | approach: spot_game+ite | status: realizable | and_gates: 9 | time: 0.3s | notes: spot_game+ite
[2026-03-19 14:12:39] instance: arbiter_with_cancel_pb_1_pe_ | approach: spot_game+isop | status: realizable | and_gates: 3 | time: 0.4s | notes: spot_game+isop
[2026-03-19 14:12:39] instance: gf-unreal0 | approach: spot_game | status: unrealizable | and_gates: N/A | time: 0.4s | notes: spot_game
[2026-03-19 14:12:39] instance: ltl2dba11 | approach: spot_game+isop | status: realizable | and_gates: 1 | time: 0.4s | notes: spot_game+isop
[2026-03-19 14:12:39] instance: ltl2dba15 | approach: spot_game+isop | status: realizable | and_gates: 2 | time: 0.4s | notes: spot_game+isop
[2026-03-19 14:12:39] instance: ltl2dba16 | approach: spot_game+both+ud+dc | status: realizable | and_gates: 18 | time: 0.3s | notes: spot_game+both+ud+dc
[2026-03-19 14:12:39] instance: ltl2dba_C2_pb_2_pe_ | approach: spot_game+isop | status: realizable | and_gates: 4 | time: 0.2s | notes: spot_game+isop
[2026-03-19 14:12:39] instance: ltl2dba19 | approach: spot_game+both+dc | status: realizable | and_gates: 60 | time: 0.3s | notes: spot_game+both+dc
[2026-03-19 14:12:39] instance: ltl2dba23 | approach: spot_game+both+ud+dc | status: realizable | and_gates: 8 | time: 0.3s | notes: spot_game+both+ud+dc
[2026-03-19 14:12:39] instance: ltl2dba_C2_unreal_pb_2_pe_ | approach: spot_game | status: unrealizable | and_gates: N/A | time: 0.2s | notes: spot_game
[2026-03-19 14:12:39] instance: ltl2dba17 | approach: spot_game+ite | status: realizable | and_gates: 54 | time: 0.4s | notes: spot_game+ite
[2026-03-19 14:12:39] instance: ltl2dba_Q_pb_2_pe_ | approach: spot_game+both+ud+dc | status: realizable | and_gates: 26 | time: 0.2s | notes: spot_game+both+ud+dc
[2026-03-19 14:12:39] instance: ltl2dba21 | approach: spot_game+both+ud+dc | status: realizable | and_gates: 127 | time: 0.4s | notes: spot_game+both+ud+dc
[2026-03-19 14:12:39] instance: ltl2dba_R_pb_2_pe_ | approach: spot_game | status: unrealizable | and_gates: N/A | time: 0.2s | notes: spot_game
[2026-03-19 14:12:39] instance: ltl2dba_E_pb_2_pe_ | approach: spot_game+both+ud+dc | status: realizable | and_gates: 11 | time: 0.3s | notes: spot_game+both+ud+dc
[2026-03-19 14:12:39] instance: ltl2dba_U1_pb_2_pe_ | approach: spot_game+isop | status: realizable | and_gates: 7 | time: 0.2s | notes: spot_game+isop
[2026-03-19 14:12:39] instance: ltl2dba_alpha_pb_14_pe_ | approach: spot_game+isop | status: realizable | and_gates: 26 | time: 0.1s | notes: spot_game+isop
[2026-03-19 14:12:39] instance: ltl2dba_alpha_pb_100_pe_ | approach: spot_game+both+ud+dc | status: realizable | and_gates: 109 | time: 0.2s | notes: spot_game+both+ud+dc
[2026-03-19 14:12:39] instance: ltl2dba_alpha_pb_10_pe_ | approach: spot_game+both+ud+dc | status: realizable | and_gates: 35 | time: 0.2s | notes: spot_game+both+ud+dc
[2026-03-19 14:12:39] instance: ltl2dba_alpha_pb_12_pe_ | approach: spot_game+both+ud+dc | status: realizable | and_gates: 38 | time: 0.2s | notes: spot_game+both+ud+dc
[2026-03-19 14:12:39] instance: ltl2dba_alpha_pb_18_pe_ | approach: spot_game+both+ud+dc | status: realizable | and_gates: 45 | time: 0.2s | notes: spot_game+both+ud+dc
[2026-03-19 14:12:39] instance: ltl2dba_alpha_pb_17_pe_ | approach: spot_game+both+ud+dc | status: realizable | and_gates: 44 | time: 0.2s | notes: spot_game+both+ud+dc
[2026-03-19 14:12:39] instance: ltl2dba_alpha_pb_16_pe_ | approach: spot_game+both+ud+dc | status: realizable | and_gates: 36 | time: 0.3s | notes: spot_game+both+ud+dc
[2026-03-19 14:12:39] instance: ltl2dba_alpha_pb_1_pe_ | approach: spot_game+isop | status: realizable | and_gates: 7 | time: 0.3s | notes: spot_game+isop
[2026-03-19 14:12:39] instance: ltl2dba_alpha_pb_20_pe_ | approach: spot_game+both+ud+dc | status: realizable | and_gates: 55 | time: 0.3s | notes: spot_game+both+ud+dc
[2026-03-19 14:12:39] instance: ltl2dba_alpha_pb_2_pe_ | approach: spot_game+isop | status: realizable | and_gates: 8 | time: 0.2s | notes: spot_game+isop
[2026-03-19 14:12:40] instance: ltl2dba_alpha_pb_3_pe_ | approach: spot_game+isop | status: realizable | and_gates: 14 | time: 0.2s | notes: spot_game+isop
[2026-03-19 14:12:40] instance: ltl2dba_alpha_pb_50_pe_ | approach: spot_game+both+ud+dc | status: realizable | and_gates: 79 | time: 0.2s | notes: spot_game+both+ud+dc
[2026-03-19 14:12:40] instance: ltl2dba_alpha_pb_25_pe_ | approach: spot_game+both+ud+dc | status: realizable | and_gates: 55 | time: 0.3s | notes: spot_game+both+ud+dc
[2026-03-19 14:12:40] instance: ltl2dba_alpha_pb_4_pe_ | approach: spot_game+both+ud+dc | status: realizable | and_gates: 17 | time: 0.2s | notes: spot_game+both+ud+dc
[2026-03-19 14:12:40] instance: ltl2dba_alpha_pb_5_pe_ | approach: spot_game+both+dc | status: realizable | and_gates: 19 | time: 0.3s | notes: spot_game+both+dc
[2026-03-19 14:12:40] instance: ltl2dba_alpha_pb_7_pe_ | approach: spot_game+both+ud+dc | status: realizable | and_gates: 23 | time: 0.2s | notes: spot_game+both+ud+dc
[2026-03-19 14:12:40] instance: ltl2dba_alpha_pb_6_pe_ | approach: spot_game+isop | status: realizable | and_gates: 15 | time: 0.3s | notes: spot_game+isop
[2026-03-19 14:12:40] instance: ltl2dba_alpha_pb_8_pe_ | approach: spot_game+both+ud+dc | status: realizable | and_gates: 26 | time: 0.2s | notes: spot_game+both+ud+dc
[2026-03-19 14:12:40] instance: ltl2dba_beta_pb_1_pe_ | approach: spot_game+both+ud+dc | status: realizable | and_gates: 11 | time: 0.2s | notes: spot_game+both+ud+dc
[2026-03-19 14:12:40] instance: CheckRoom_70523fbe | approach: spot_game | status: unrealizable | and_gates: N/A | time: 0.2s | notes: spot_game
[2026-03-19 14:12:40] instance: CheckAlarm_6bea956e | approach: spot_game | status: unrealizable | and_gates: N/A | time: 0.3s | notes: spot_game
[2026-03-19 14:12:40] instance: CheckAlarmBroken1_1a2942e3 | approach: spot_game+isop | status: realizable | and_gates: 0 | time: 0.3s | notes: spot_game+isop
[2026-03-19 14:12:40] instance: Room_a50cadd7 | approach: spot_game | status: unrealizable | and_gates: N/A | time: 0.3s | notes: spot_game
[2026-03-19 14:12:40] instance: KitchenTimerV0 | approach: spot_game+isop | status: realizable | and_gates: 1 | time: 0.3s | notes: spot_game+isop
[2026-03-19 14:12:40] instance: CheckTime_54e1f7d2 | approach: spot_game | status: unrealizable | and_gates: N/A | time: 0.3s | notes: spot_game
[2026-03-19 14:12:40] instance: Time_a50cadd7 | approach: spot_game | status: unrealizable | and_gates: N/A | time: 0.2s | notes: spot_game
[2026-03-19 14:12:40] instance: ShadesMin_aeb1d897 | approach: spot_game+both+dc | status: realizable | and_gates: 9 | time: 0.3s | notes: spot_game+both+dc
[2026-03-19 14:12:40] instance: amba_decomposed_encode_pb_2_pe_ | approach: spot_game | status: unrealizable | and_gates: N/A | time: 0.2s | notes: spot_game
[2026-03-19 14:12:40] instance: UnderapproxDemo2 | approach: spot_game | status: unrealizable | and_gates: N/A | time: 0.2s | notes: spot_game
[2026-03-19 14:12:40] instance: TorcsGearing | approach: spot_game+ite | status: realizable | and_gates: 6 | time: 0.3s | notes: spot_game+ite
[2026-03-19 14:12:40] instance: collector_v2_pb_3_pe_ | approach: spot_game | status: unrealizable | and_gates: N/A | time: 0.2s | notes: spot_game
[2026-03-19 14:12:40] instance: collector_v1_pb_3_pe_ | approach: spot_game | status: unrealizable | and_gates: N/A | time: 0.2s | notes: spot_game
[2026-03-19 14:12:40] instance: arbiter_with_buffer_pb_1_pe_ | approach: spot_game+isop | status: realizable | and_gates: 0 | time: 0.3s | notes: spot_game+isop
[2026-03-19 14:12:40] instance: arbiter_pb_2_pe_ | approach: spot_game+both+ud+dc | status: realizable | and_gates: 8 | time: 0.3s | notes: spot_game+both+ud+dc
[2026-03-19 14:12:40] instance: example7a_pb_2_pe_ | approach: spot_game+both+dc | status: realizable | and_gates: 15 | time: 0.2s | notes: spot_game+both+dc
[2026-03-19 14:12:40] instance: example7_pb_2_pe_ | approach: spot_game+both+dc | status: realizable | and_gates: 3 | time: 0.3s | notes: spot_game+both+dc
[2026-03-19 14:12:40] instance: arbiter_on_inpchange_pb_2_pe_ | approach: spot_game+ite | status: realizable | and_gates: 688 | time: 0.4s | notes: spot_game+ite
[2026-03-19 14:12:40] instance: example8_pb_2_pe_ | approach: spot_game+both+dc | status: realizable | and_gates: 30 | time: 0.2s | notes: spot_game+both+dc
[2026-03-19 14:12:41] instance: collector_v3_pb_3_pe_ | approach: spot_game+both+dc | status: realizable | and_gates: 987 | time: 0.6s | notes: spot_game+both+dc
[2026-03-19 14:12:41] instance: full_arbiter_unreal1_pb_2_10_pe_ | approach: spot_game | status: unrealizable | and_gates: N/A | time: 0.7s | notes: spot_game
[2026-03-19 14:12:41] instance: full_arbiter_unreal1_pb_2_1_pe_ | approach: spot_game | status: unrealizable | and_gates: N/A | time: 0.2s | notes: spot_game
[2026-03-19 14:12:42] instance: full_arbiter_unreal1_pb_2_11_pe_ | approach: spot_game | status: unrealizable | and_gates: N/A | time: 1.5s | notes: spot_game
[2026-03-19 14:12:42] instance: full_arbiter_unreal1_pb_2_12_pe_ | approach: spot_game | status: unrealizable | and_gates: N/A | time: 2.2s | notes: spot_game
[2026-03-19 14:12:45] instance: full_arbiter_unreal1_pb_2_13_pe_ | approach: spot_game | status: unrealizable | and_gates: N/A | time: 4.7s | notes: spot_game
[2026-03-19 14:12:54] instance: full_arbiter_unreal1_pb_2_14_pe_ | approach: spot_game | status: unrealizable | and_gates: N/A | time: 13.4s | notes: spot_game
[2026-03-19 14:13:09] instance: full_arbiter_unreal1_pb_2_15_pe_ | approach: spot_game | status: unrealizable | and_gates: N/A | time: 28.6s | notes: spot_game
[2026-03-19 14:13:09] instance: full_arbiter_unreal1_pb_2_2_pe_ | approach: spot_game | status: unrealizable | and_gates: N/A | time: 0.2s | notes: spot_game
[2026-03-19 14:13:09] instance: full_arbiter_unreal1_pb_2_3_pe_ | approach: spot_game | status: unrealizable | and_gates: N/A | time: 0.3s | notes: spot_game
[2026-03-19 14:13:10] instance: full_arbiter_unreal1_pb_2_4_pe_ | approach: spot_game | status: unrealizable | and_gates: N/A | time: 0.2s | notes: spot_game
[2026-03-19 14:13:10] instance: full_arbiter_unreal1_pb_2_5_pe_ | approach: spot_game | status: unrealizable | and_gates: N/A | time: 0.2s | notes: spot_game
[2026-03-19 14:13:10] instance: full_arbiter_unreal1_pb_2_6_pe_ | approach: spot_game | status: unrealizable | and_gates: N/A | time: 0.2s | notes: spot_game
[2026-03-19 14:13:10] instance: full_arbiter_unreal1_pb_2_7_pe_ | approach: spot_game | status: unrealizable | and_gates: N/A | time: 0.2s | notes: spot_game
[2026-03-19 14:13:11] instance: full_arbiter_unreal1_pb_2_8_pe_ | approach: spot_game | status: unrealizable | and_gates: N/A | time: 0.3s | notes: spot_game
[2026-03-19 14:13:11] instance: full_arbiter_unreal1_pb_2_9_pe_ | approach: spot_game | status: unrealizable | and_gates: N/A | time: 0.4s | notes: spot_game
[2026-03-19 14:13:11] instance: full_arbiter_unreal2_pb_2_pe_ | approach: spot_game | status: unrealizable | and_gates: N/A | time: 0.2s | notes: spot_game
[2026-03-19 14:13:11] instance: gf-unreal1 | approach: spot_game | status: unrealizable | and_gates: N/A | time: 0.2s | notes: spot_game
[2026-03-19 14:13:12] instance: lilydemo01 | approach: spot_game | status: unrealizable | and_gates: N/A | time: 0.2s | notes: spot_game
[2026-03-19 14:13:12] instance: lilydemo02 | approach: spot_game | status: unrealizable | and_gates: N/A | time: 0.2s | notes: spot_game
[2026-03-19 14:13:12] instance: lilydemo03 | approach: spot_game+both+ud+dc | status: realizable | and_gates: 52 | time: 0.2s | notes: spot_game+both+ud+dc
[2026-03-19 14:13:12] instance: lilydemo04 | approach: spot_game+both+ud+dc | status: realizable | and_gates: 103 | time: 0.1s | notes: spot_game+both+ud+dc
[2026-03-19 14:13:12] instance: lilydemo04_modified | approach: spot_game | status: unrealizable | and_gates: N/A | time: 0.2s | notes: spot_game
[2026-03-19 14:13:12] instance: lilydemo05 | approach: spot_game+both+ud+dc | status: realizable | and_gates: 61 | time: 0.1s | notes: spot_game+both+ud+dc
[2026-03-19 14:13:12] instance: lilydemo06 | approach: spot_game+both+ud+dc | status: realizable | and_gates: 96 | time: 0.1s | notes: spot_game+both+ud+dc
[2026-03-19 14:13:13] instance: lilydemo07 | approach: spot_game+both+ud+dc | status: realizable | and_gates: 50 | time: 0.2s | notes: spot_game+both+ud+dc
[2026-03-19 14:13:13] instance: lilydemo10 | approach: spot_game+both+ud+dc | status: realizable | and_gates: 3 | time: 0.1s | notes: spot_game+both+ud+dc
[2026-03-19 14:13:13] instance: lilydemo11 | approach: spot_game | status: unrealizable | and_gates: N/A | time: 0.1s | notes: spot_game
[2026-03-19 14:13:13] instance: lilydemo12 | approach: spot_game+both+dc | status: realizable | and_gates: 5 | time: 0.1s | notes: spot_game+both+dc
[2026-03-19 14:13:13] instance: lilydemo14 | approach: spot_game+isop | status: realizable | and_gates: 0 | time: 0.1s | notes: spot_game+isop
[2026-03-19 14:13:13] instance: lilydemo15 | approach: spot_game+both+ud+dc | status: realizable | and_gates: 43 | time: 0.2s | notes: spot_game+both+ud+dc
[2026-03-19 14:13:13] instance: lilydemo19 | approach: spot_game+ite | status: realizable | and_gates: 32 | time: 0.1s | notes: spot_game+ite
[2026-03-19 14:13:14] instance: lilydemo22 | approach: spot_game+both+ud+dc | status: realizable | and_gates: 271 | time: 0.2s | notes: spot_game+both+ud+dc
[2026-03-19 14:13:14] instance: ltl2dba01 | approach: spot_game+both+ud+dc | status: realizable | and_gates: 9 | time: 0.2s | notes: spot_game+both+ud+dc
[2026-03-19 14:13:14] instance: ltl2dba02 | approach: spot_game+both+ud+dc | status: realizable | and_gates: 159 | time: 0.2s | notes: spot_game+both+ud+dc
[2026-03-19 14:13:14] instance: ltl2dba03 | approach: spot_game+both+ud+dc | status: realizable | and_gates: 9 | time: 0.2s | notes: spot_game+both+ud+dc
[2026-03-19 14:13:14] instance: ltl2dba04 | approach: spot_game+both+ud+dc | status: realizable | and_gates: 14 | time: 0.1s | notes: spot_game+both+ud+dc
[2026-03-19 14:13:14] instance: ltl2dba09 | approach: spot_game+isop | status: realizable | and_gates: 3 | time: 0.1s | notes: spot_game+isop
[2026-03-19 14:13:15] instance: ltl2dba10 | approach: spot_game+both+ud+dc | status: realizable | and_gates: 6 | time: 0.2s | notes: spot_game+both+ud+dc
[2026-03-19 14:13:15] instance: ltl2dba13 | approach: spot_game+isop | status: realizable | and_gates: 3 | time: 0.1s | notes: spot_game+isop
[2026-03-19 14:13:15] instance: ltl2dba14 | approach: spot_game+both+ud+dc | status: realizable | and_gates: 9 | time: 0.2s | notes: spot_game+both+ud+dc
[2026-03-19 14:13:15] instance: ltl2dba18 | approach: spot_game+both+ud+dc | status: realizable | and_gates: 34 | time: 0.2s | notes: spot_game+both+ud+dc
[2026-03-19 14:13:15] instance: ltl2dba25 | approach: spot_game+both+ud+dc | status: realizable | and_gates: 11 | time: 0.2s | notes: spot_game+both+ud+dc
[2026-03-19 14:13:16] instance: ltl2dba26 | approach: spot_game+both+ud+dc | status: realizable | and_gates: 10 | time: 0.5s | notes: spot_game+both+ud+dc
[2026-03-19 14:13:16] instance: ltl2dba_C2_pb_3_pe_ | approach: spot_game+both+dc | status: realizable | and_gates: 46 | time: 0.2s | notes: spot_game+both+dc
[2026-03-19 14:13:16] instance: ltl2dba_C2_unreal_pb_3_pe_ | approach: spot_game | status: unrealizable | and_gates: N/A | time: 0.2s | notes: spot_game
[2026-03-19 14:13:16] instance: ltl2dba_E_pb_3_pe_ | approach: spot_game+both+ud+dc | status: realizable | and_gates: 61 | time: 0.2s | notes: spot_game+both+ud+dc
[2026-03-19 14:13:16] instance: ltl2dba_Q_pb_3_pe_ | approach: spot_game+both+ud+dc | status: realizable | and_gates: 141 | time: 0.2s | notes: spot_game+both+ud+dc
[2026-03-19 14:13:17] instance: ltl2dba_R_pb_3_pe_ | approach: spot_game | status: unrealizable | and_gates: N/A | time: 0.2s | notes: spot_game
[2026-03-19 14:13:17] instance: ltl2dba_U1_pb_3_pe_ | approach: spot_game+both+dc | status: realizable | and_gates: 39 | time: 0.2s | notes: spot_game+both+dc
[2026-03-19 14:13:17] instance: ltl2dba_theta_pb_1_pe_ | approach: spot_game | status: unrealizable | and_gates: N/A | time: 0.2s | notes: spot_game
[2026-03-19 14:13:17] instance: ltl2dpa01 | approach: spot_game+isop | status: realizable | and_gates: 8 | time: 0.2s | notes: spot_game+isop
[2026-03-19 14:13:17] instance: ltl2dpa02 | approach: spot_game+both+ud+dc | status: realizable | and_gates: 12 | time: 0.1s | notes: spot_game+both+ud+dc
[2026-03-19 14:13:18] instance: ltl2dpa04 | approach: spot_game+isop | status: realizable | and_gates: 2 | time: 0.2s | notes: spot_game+isop
[2026-03-19 14:13:18] instance: ltl2dpa05 | approach: spot_game+isop | status: realizable | and_gates: 2 | time: 0.2s | notes: spot_game+isop
[2026-03-19 14:13:18] instance: ltl2dpa08 | approach: spot_game+isop | status: realizable | and_gates: 40 | time: 0.3s | notes: spot_game+isop
[2026-03-19 14:13:18] instance: ltl2dpa14 | approach: spot_game+isop | status: realizable | and_gates: 8 | time: 0.3s | notes: spot_game+isop
[2026-03-19 14:13:18] instance: ltl2dpa15 | approach: spot_game+isop | status: realizable | and_gates: 4 | time: 0.2s | notes: spot_game+isop
[2026-03-19 14:13:19] instance: ltl2dpa23 | approach: spot_game+isop | status: realizable | and_gates: 2 | time: 0.2s | notes: spot_game+isop
[2026-03-19 14:13:19] instance: ltl2dpa24 | approach: spot_game+isop | status: realizable | and_gates: 2 | time: 0.2s | notes: spot_game+isop
[2026-03-19 14:13:19] instance: prioritized_arbiter_pb_1_pe_ | approach: spot_game+both+ud+dc | status: realizable | and_gates: 2 | time: 0.2s | notes: spot_game+both+ud+dc
[2026-03-19 14:13:19] instance: round_robin_arbiter_pb_2_pe_ | approach: spot_game+both+ud+dc | status: realizable | and_gates: 18 | time: 0.2s | notes: spot_game+both+ud+dc
[2026-03-19 14:13:20] instance: round_robin_arbiter_unreal1_pb_2_10_pe_ | approach: spot_game | status: unrealizable | and_gates: N/A | time: 0.6s | notes: spot_game
[2026-03-19 14:13:21] instance: round_robin_arbiter_unreal1_pb_2_11_pe_ | approach: spot_game | status: unrealizable | and_gates: N/A | time: 0.9s | notes: spot_game
[2026-03-19 14:13:22] instance: round_robin_arbiter_unreal1_pb_2_12_pe_ | approach: spot_game | status: unrealizable | and_gates: N/A | time: 1.8s | notes: spot_game
[2026-03-19 14:13:27] instance: round_robin_arbiter_unreal1_pb_2_13_pe_ | approach: spot_game | status: unrealizable | and_gates: N/A | time: 4.2s | notes: spot_game
[2026-03-19 14:13:32] instance: round_robin_arbiter_unreal1_pb_2_14_pe_ | approach: spot_game | status: unrealizable | and_gates: N/A | time: 5.6s | notes: spot_game
[2026-03-19 14:13:33] instance: full_arbiter_unreal1_pb_2_16_pe_ | approach: spot_game | status: unrealizable | and_gates: N/A | time: 52.3s | notes: spot_game
[2026-03-19 14:13:44] instance: round_robin_arbiter_unreal1_pb_2_15_pe_ | approach: spot_game | status: unrealizable | and_gates: N/A | time: 11.6s | notes: spot_game
[2026-03-19 14:13:44] instance: round_robin_arbiter_unreal1_pb_2_1_pe_ | approach: spot_game | status: unrealizable | and_gates: N/A | time: 0.2s | notes: spot_game
[2026-03-19 14:13:44] instance: round_robin_arbiter_unreal1_pb_2_2_pe_ | approach: spot_game | status: unrealizable | and_gates: N/A | time: 0.2s | notes: spot_game
[2026-03-19 14:13:44] instance: round_robin_arbiter_unreal1_pb_2_3_pe_ | approach: spot_game | status: unrealizable | and_gates: N/A | time: 0.2s | notes: spot_game
[2026-03-19 14:13:45] instance: round_robin_arbiter_unreal1_pb_2_4_pe_ | approach: spot_game | status: unrealizable | and_gates: N/A | time: 0.2s | notes: spot_game
[2026-03-19 14:13:45] instance: round_robin_arbiter_unreal1_pb_2_5_pe_ | approach: spot_game | status: unrealizable | and_gates: N/A | time: 0.2s | notes: spot_game
[2026-03-19 14:13:45] instance: round_robin_arbiter_unreal1_pb_2_6_pe_ | approach: spot_game | status: unrealizable | and_gates: N/A | time: 0.2s | notes: spot_game
[2026-03-19 14:13:45] instance: round_robin_arbiter_unreal1_pb_2_7_pe_ | approach: spot_game | status: unrealizable | and_gates: N/A | time: 0.1s | notes: spot_game
[2026-03-19 14:13:45] instance: round_robin_arbiter_unreal1_pb_2_8_pe_ | approach: spot_game | status: unrealizable | and_gates: N/A | time: 0.2s | notes: spot_game
[2026-03-19 14:13:46] instance: round_robin_arbiter_unreal1_pb_2_9_pe_ | approach: spot_game | status: unrealizable | and_gates: N/A | time: 0.2s | notes: spot_game
[2026-03-19 14:13:46] instance: round_robin_arbiter_unreal2_pb_2_pe_ | approach: spot_game | status: unrealizable | and_gates: N/A | time: 0.2s | notes: spot_game
[2026-03-19 14:13:46] instance: rw_arbiter_pb_1_pe_ | approach: spot_game | status: unrealizable | and_gates: N/A | time: 0.2s | notes: spot_game
[2026-03-19 14:13:46] instance: simple_arbiter_unreal1_pb_2_10_pe_ | approach: spot_game | status: unrealizable | and_gates: N/A | time: 0.4s | notes: spot_game
[2026-03-19 14:13:48] instance: simple_arbiter_unreal1_pb_2_12_pe_ | approach: spot_game | status: unrealizable | and_gates: N/A | time: 1.5s | notes: spot_game
[2026-03-19 14:13:48] instance: simple_arbiter_unreal1_pb_2_1_pe_ | approach: spot_game | status: unrealizable | and_gates: N/A | time: 0.2s | notes: spot_game
[2026-03-19 14:13:48] instance: simple_arbiter_unreal1_pb_2_2_pe_ | approach: spot_game | status: unrealizable | and_gates: N/A | time: 0.2s | notes: spot_game
[2026-03-19 14:13:48] instance: simple_arbiter_unreal1_pb_2_3_pe_ | approach: spot_game | status: unrealizable | and_gates: N/A | time: 0.2s | notes: spot_game
[2026-03-19 14:13:49] instance: simple_arbiter_unreal1_pb_2_4_pe_ | approach: spot_game | status: unrealizable | and_gates: N/A | time: 0.2s | notes: spot_game
[2026-03-19 14:13:49] instance: simple_arbiter_unreal1_pb_2_5_pe_ | approach: spot_game | status: unrealizable | and_gates: N/A | time: 0.2s | notes: spot_game
[2026-03-19 14:13:49] instance: simple_arbiter_unreal1_pb_2_6_pe_ | approach: spot_game | status: unrealizable | and_gates: N/A | time: 0.2s | notes: spot_game
[2026-03-19 14:13:49] instance: simple_arbiter_unreal1_pb_2_7_pe_ | approach: spot_game | status: unrealizable | and_gates: N/A | time: 0.2s | notes: spot_game
[2026-03-19 14:13:49] instance: simple_arbiter_unreal1_pb_2_8_pe_ | approach: spot_game | status: unrealizable | and_gates: N/A | time: 0.2s | notes: spot_game
[2026-03-19 14:13:50] instance: simple_arbiter_unreal1_pb_2_9_pe_ | approach: spot_game | status: unrealizable | and_gates: N/A | time: 0.3s | notes: spot_game
[2026-03-19 14:13:50] instance: simple_arbiter_unreal2_pb_2_pe_ | approach: spot_game | status: unrealizable | and_gates: N/A | time: 0.2s | notes: spot_game
[2026-03-19 14:13:50] instance: simple_arbiter_with_hints_pb_2_pe_ | approach: spot_game+both+ud+dc | status: realizable | and_gates: 36 | time: 0.2s | notes: spot_game+both+ud+dc
[2026-03-19 14:13:50] instance: Button | approach: spot_game+isop | status: realizable | and_gates: 0 | time: 0.2s | notes: spot_game+isop
[2026-03-19 14:13:51] instance: CheckDoor_c2b9e44d | approach: spot_game | status: unrealizable | and_gates: N/A | time: 0.1s | notes: spot_game
[2026-03-19 14:13:51] instance: CheckHeating_2418b67e | approach: spot_game | status: unrealizable | and_gates: N/A | time: 0.2s | notes: spot_game
[2026-03-19 14:13:51] instance: CheckHeating_3461125b | approach: spot_game | status: unrealizable | and_gates: N/A | time: 0.2s | notes: spot_game
[2026-03-19 14:13:51] instance: CheckRoom_3916ec59 | approach: spot_game | status: unrealizable | and_gates: N/A | time: 0.3s | notes: spot_game
[2026-03-19 14:13:51] instance: CheckShades_1a2942e3 | approach: spot_game | status: unrealizable | and_gates: N/A | time: 0.2s | notes: spot_game
[2026-03-19 14:13:52] instance: CheckShades_3461125b | approach: spot_game | status: unrealizable | and_gates: N/A | time: 0.2s | notes: spot_game
[2026-03-19 14:13:52] instance: CheckShades_4d4ca5c4 | approach: spot_game | status: unrealizable | and_gates: N/A | time: 0.2s | notes: spot_game
[2026-03-19 14:13:52] instance: CheckShades_aeb1d897 | approach: spot_game | status: unrealizable | and_gates: N/A | time: 0.2s | notes: spot_game
[2026-03-19 14:13:52] instance: CheckTime_4b5e6eaa | approach: spot_game | status: unrealizable | and_gates: N/A | time: 0.2s | notes: spot_game
[2026-03-19 14:13:52] instance: CheckTimer_54e1f7d2 | approach: spot_game | status: unrealizable | and_gates: N/A | time: 0.1s | notes: spot_game
[2026-03-19 14:13:52] instance: CheckTimer_fa8592c8 | approach: spot_game | status: unrealizable | and_gates: N/A | time: 0.2s | notes: spot_game
[2026-03-19 14:13:53] instance: CheckWarnlightBroken1_70523fbe | approach: spot_game+isop | status: realizable | and_gates: 0 | time: 0.1s | notes: spot_game+isop
[2026-03-19 14:13:53] instance: CheckWarnlight_4b5a2bad | approach: spot_game | status: unrealizable | and_gates: N/A | time: 0.3s | notes: spot_game
[2026-03-19 14:13:53] instance: CheckWarnlight_54e1f7d2 | approach: spot_game | status: unrealizable | and_gates: N/A | time: 0.3s | notes: spot_game
[2026-03-19 14:13:53] instance: EscalatorNonCounting | approach: spot_game+both+ud+dc | status: realizable | and_gates: 3 | time: 0.3s | notes: spot_game+both+ud+dc
[2026-03-19 14:13:54] instance: HeatingMin_d6c5ac79 | approach: spot_game+both+dc | status: realizable | and_gates: 25 | time: 0.2s | notes: spot_game+both+dc
[2026-03-19 14:13:54] instance: Shades2Min_63831f8c | approach: spot_game+both+ud+dc | status: realizable | and_gates: 11 | time: 0.2s | notes: spot_game+both+ud+dc
[2026-03-19 14:13:54] instance: SliderDefault | approach: spot_game+both+ud+dc | status: realizable | and_gates: 90 | time: 0.2s | notes: spot_game+both+ud+dc
[2026-03-19 14:13:54] instance: Timer_a50cadd7 | approach: spot_game+isop | status: realizable | and_gates: 0 | time: 0.2s | notes: spot_game+isop
[2026-03-19 14:13:54] instance: Warnlight_a50cadd7 | approach: spot_game | status: unrealizable | and_gates: N/A | time: 0.2s | notes: spot_game
[2026-03-19 14:13:55] instance: abcg_arbiter_pb_1_pe_ | approach: spot_game+both+dc | status: realizable | and_gates: 19 | time: 0.2s | notes: spot_game+both+dc
[2026-03-19 14:13:55] instance: amba_decomposed_decode | approach: spot_game | status: unrealizable | and_gates: N/A | time: 0.3s | notes: spot_game
[2026-03-19 14:13:55] instance: amba_decomposed_tburst4 | approach: spot_game | status: unrealizable | and_gates: N/A | time: 0.2s | notes: spot_game
[2026-03-19 14:13:56] instance: amba_decomposed_tsingle | approach: spot_game | status: unrealizable | and_gates: N/A | time: 0.6s | notes: spot_game
[2026-03-19 14:13:56] instance: gf-unreal2 | approach: spot_game | status: unrealizable | and_gates: N/A | time: 0.3s | notes: spot_game
[2026-03-19 14:13:56] instance: gf-unreal3 | approach: spot_game | status: unrealizable | and_gates: N/A | time: 0.3s | notes: spot_game
[2026-03-19 14:13:57] instance: lilydemo17 | approach: spot_game+isop | status: realizable | and_gates: 3 | time: 0.2s | notes: spot_game+isop
[2026-03-19 14:13:57] instance: lilydemo20 | approach: spot_game+both+ud+dc | status: realizable | and_gates: 29 | time: 0.3s | notes: spot_game+both+ud+dc
[2026-03-19 14:13:58] instance: load_balancer_pb_2_pe_ | approach: spot_game+isop | status: realizable | and_gates: 72 | time: 0.5s | notes: spot_game+isop
[2026-03-19 14:13:58] instance: round_robin_arbiter_unreal1_pb_2_16_pe_ | approach: spot_game | status: unrealizable | and_gates: N/A | time: 25.5s | notes: spot_game
[2026-03-19 14:13:59] instance: load_balancer_unreal1_pb_2_10_pe_ | approach: spot_game | status: unrealizable | and_gates: N/A | time: 1.0s | notes: spot_game
[2026-03-19 14:14:00] instance: load_balancer_unreal1_pb_2_11_pe_ | approach: spot_game | status: unrealizable | and_gates: N/A | time: 1.2s | notes: spot_game
[2026-03-19 14:14:01] instance: load_balancer_unreal1_pb_2_12_pe_ | approach: spot_game | status: unrealizable | and_gates: N/A | time: 2.3s | notes: spot_game
[2026-03-19 14:14:03] instance: load_balancer_unreal1_pb_2_13_pe_ | approach: spot_game | status: unrealizable | and_gates: N/A | time: 3.0s | notes: spot_game
[2026-03-19 14:14:06] instance: load_balancer_unreal1_pb_2_14_pe_ | approach: spot_game | status: unrealizable | and_gates: N/A | time: 4.7s | notes: spot_game
[2026-03-19 14:14:16] instance: load_balancer_unreal1_pb_2_15_pe_ | approach: spot_game | status: unrealizable | and_gates: N/A | time: 12.9s | notes: spot_game
[2026-03-19 14:14:16] instance: load_balancer_unreal1_pb_2_1_pe_ | approach: spot_game | status: unrealizable | and_gates: N/A | time: 0.4s | notes: spot_game
[2026-03-19 14:14:17] instance: load_balancer_unreal1_pb_2_2_pe_ | approach: spot_game | status: unrealizable | and_gates: N/A | time: 0.5s | notes: spot_game
[2026-03-19 14:14:17] instance: load_balancer_unreal1_pb_2_3_pe_ | approach: spot_game | status: unrealizable | and_gates: N/A | time: 0.4s | notes: spot_game
[2026-03-19 14:14:17] instance: load_balancer_unreal1_pb_2_4_pe_ | approach: spot_game | status: unrealizable | and_gates: N/A | time: 0.4s | notes: spot_game
[2026-03-19 14:14:18] instance: load_balancer_unreal1_pb_2_5_pe_ | approach: spot_game | status: unrealizable | and_gates: N/A | time: 0.3s | notes: spot_game
[2026-03-19 14:14:18] instance: load_balancer_unreal1_pb_2_6_pe_ | approach: spot_game | status: unrealizable | and_gates: N/A | time: 0.3s | notes: spot_game
[2026-03-19 14:14:18] instance: load_balancer_unreal1_pb_2_7_pe_ | approach: spot_game | status: unrealizable | and_gates: N/A | time: 0.4s | notes: spot_game
[2026-03-19 14:14:19] instance: load_balancer_unreal1_pb_2_8_pe_ | approach: spot_game | status: unrealizable | and_gates: N/A | time: 0.4s | notes: spot_game
[2026-03-19 14:14:20] instance: load_balancer_unreal1_pb_2_9_pe_ | approach: spot_game | status: unrealizable | and_gates: N/A | time: 0.7s | notes: spot_game
[2026-03-19 14:14:20] instance: load_balancer_unreal2_pb_2_pe_ | approach: spot_game+isop | status: realizable | and_gates: 100 | time: 0.5s | notes: spot_game+isop
[2026-03-19 14:14:20] instance: ltl2dba05 | approach: spot_game+both+ud+dc | status: realizable | and_gates: 35 | time: 0.4s | notes: spot_game+both+ud+dc
[2026-03-19 14:14:21] instance: ltl2dba06 | approach: spot_game+both+ud+dc | status: realizable | and_gates: 22 | time: 0.5s | notes: spot_game+both+ud+dc
[2026-03-19 14:14:21] instance: ltl2dba20 | approach: spot_game+both+ud+dc | status: realizable | and_gates: 37 | time: 0.4s | notes: spot_game+both+ud+dc
[2026-03-19 14:14:22] instance: ltl2dba_C2_pb_4_pe_ | approach: spot_game+both+ud+dc | status: realizable | and_gates: 56 | time: 0.5s | notes: spot_game+both+ud+dc
[2026-03-19 14:14:22] instance: ltl2dba_C2_unreal_pb_4_pe_ | approach: spot_game | status: unrealizable | and_gates: N/A | time: 0.6s | notes: spot_game
[2026-03-19 14:14:23] instance: ltl2dba_E_pb_4_pe_ | approach: spot_game+ite | status: realizable | and_gates: 54 | time: 0.5s | notes: spot_game+ite
[2026-03-19 14:14:24] instance: ltl2dba_Q_pb_4_pe_ | approach: spot_game+isop | status: realizable | and_gates: 477 | time: 0.6s | notes: spot_game+isop
[2026-03-19 14:14:27] instance: ltl2dba_R_pb_4_pe_ | approach: spot_game | status: unrealizable | and_gates: N/A | time: 3.6s | notes: spot_game
[2026-03-19 14:14:27] instance: ltl2dba_U1_pb_4_pe_ | approach: spot_game+both+ud+dc | status: realizable | and_gates: 91 | time: 0.3s | notes: spot_game+both+ud+dc
[2026-03-19 14:14:28] instance: ltl2dba_beta_pb_2_pe_ | approach: spot_game+isop | status: realizable | and_gates: 108 | time: 0.4s | notes: spot_game+isop
[2026-03-19 14:14:29] instance: ltl2dba_theta_pb_2_pe_ | approach: spot_game | status: unrealizable | and_gates: N/A | time: 0.5s | notes: spot_game
[2026-03-19 14:14:29] instance: ltl2dpa06 | approach: spot_game+both+ud+dc | status: realizable | and_gates: 10 | time: 0.5s | notes: spot_game+both+ud+dc
[2026-03-19 14:14:29] instance: ltl2dpa07 | approach: spot_game+isop | status: realizable | and_gates: 15 | time: 0.3s | notes: spot_game+isop
[2026-03-19 14:14:30] instance: ltl2dpa09 | approach: spot_game+isop | status: realizable | and_gates: 14 | time: 0.3s | notes: spot_game+isop
[2026-03-19 14:14:30] instance: ltl2dpa10 | approach: spot_game+ite | status: realizable | and_gates: 421 | time: 0.2s | notes: spot_game+ite
[2026-03-19 14:14:30] instance: ltl2dpa11 | approach: spot_game+isop | status: realizable | and_gates: 7 | time: 0.2s | notes: spot_game+isop
[2026-03-19 14:14:30] instance: ltl2dpa13 | approach: spot_game+both+ud+dc | status: realizable | and_gates: 244 | time: 0.3s | notes: spot_game+both+ud+dc
[2026-03-19 14:14:31] instance: ltl2dpa16 | approach: spot_game+isop | status: realizable | and_gates: 3 | time: 0.2s | notes: spot_game+isop
[2026-03-19 14:14:31] instance: ltl2dpa17 | approach: spot_game+both+ud+dc | status: realizable | and_gates: 35 | time: 0.2s | notes: spot_game+both+ud+dc
[2026-03-19 14:14:31] instance: ltl2dpa18 | approach: spot_game+both+ud+dc | status: realizable | and_gates: 35 | time: 0.1s | notes: spot_game+both+ud+dc
[2026-03-19 14:14:31] instance: ltl2dpa20 | approach: spot_game+isop | status: realizable | and_gates: 3 | time: 0.1s | notes: spot_game+isop
[2026-03-19 14:14:34] instance: load_balancer_unreal1_pb_2_16_pe_ | approach: spot_game | status: unrealizable | and_gates: N/A | time: 28.2s | notes: spot_game
[2026-03-19 14:16:52] instance: full_arbiter_unreal1_pb_2_18_pe_ | approach: game_build_timeout | status: timeout | and_gates: N/A | time: 250.9s | notes: game_build_timeout
[2026-03-19 14:17:44] instance: CheckLight_007df645 | approach: spot_game | status: unrealizable | and_gates: N/A | time: 0.3s | notes: spot_game
[2026-03-19 14:17:44] instance: Alarm_2d1010f8 | approach: spot_game+ite | status: realizable | and_gates: 284 | time: 0.4s | notes: spot_game+ite
[2026-03-19 14:17:44] instance: CheckLight_aeb1d897 | approach: spot_game | status: unrealizable | and_gates: N/A | time: 0.3s | notes: spot_game
[2026-03-19 14:17:45] instance: CheckWarnlight_1cf58fc1 | approach: spot_game | status: unrealizable | and_gates: N/A | time: 0.3s | notes: spot_game
[2026-03-19 14:17:45] instance: CheckRoom_06e9cad4 | approach: spot_game | status: unrealizable | and_gates: N/A | time: 0.5s | notes: spot_game
[2026-03-19 14:17:45] instance: CheckWarnlight_6bea956e | approach: spot_game | status: unrealizable | and_gates: N/A | time: 0.3s | notes: spot_game
[2026-03-19 14:17:45] instance: Heating_235467da | approach: spot_game+both+ud+dc | status: realizable | and_gates: 133 | time: 0.4s | notes: spot_game+both+ud+dc
[2026-03-19 14:17:45] instance: Heating_b02056d6 | approach: spot_game+both+ud+dc | status: realizable | and_gates: 211 | time: 0.3s | notes: spot_game+both+ud+dc
[2026-03-19 14:17:45] instance: Heating_b209ff21 | approach: spot_game+both+ud+dc | status: realizable | and_gates: 123 | time: 0.5s | notes: spot_game+both+ud+dc
[2026-03-19 14:17:46] instance: Light_a50cadd7 | approach: spot_game | status: unrealizable | and_gates: N/A | time: 0.4s | notes: spot_game
[2026-03-19 14:17:46] instance: SPIReadClk | approach: spot_game+isop | status: realizable | and_gates: 2 | time: 0.2s | notes: spot_game+isop
[2026-03-19 14:17:46] instance: Shades_6479ef9a | approach: spot_game+both+ud+dc | status: realizable | and_gates: 128 | time: 0.3s | notes: spot_game+both+ud+dc
[2026-03-19 14:17:46] instance: Shades_9cac58d3 | approach: spot_game+isop | status: realizable | and_gates: 142 | time: 0.2s | notes: spot_game+isop
[2026-03-19 14:17:46] instance: Shades_a02758ea | approach: spot_game+both+ud+dc | status: realizable | and_gates: 128 | time: 0.2s | notes: spot_game+both+ud+dc
[2026-03-19 14:17:46] instance: amba_decomposed_encode_pb_3_pe_ | approach: spot_game | status: unrealizable | and_gates: N/A | time: 0.3s | notes: spot_game
[2026-03-19 14:17:47] instance: amba_decomposed_lock_pb_2_pe_ | approach: spot_game | status: unrealizable | and_gates: N/A | time: 0.5s | notes: spot_game
[2026-03-19 14:17:47] instance: amba_decomposed_tincr | approach: spot_game | status: unrealizable | and_gates: N/A | time: 0.5s | notes: spot_game
[2026-03-19 14:17:47] instance: arbiter_pb_3_pe_ | approach: spot_game+both+ud+dc | status: realizable | and_gates: 66 | time: 0.2s | notes: spot_game+both+ud+dc
[2026-03-19 14:17:47] instance: arbiter_with_cancel_pb_2_pe_ | approach: spot_game+both+ud+dc | status: realizable | and_gates: 38 | time: 0.4s | notes: spot_game+both+ud+dc
[2026-03-19 14:17:48] instance: collector_v1_pb_5_pe_ | approach: spot_game | status: unrealizable | and_gates: N/A | time: 0.3s | notes: spot_game
[2026-03-19 14:17:48] instance: collector_v2_pb_5_pe_ | approach: spot_game | status: unrealizable | and_gates: N/A | time: 0.2s | notes: spot_game
[2026-03-19 14:18:40] instance: arbiter_on_inpchange_pb_3_pe_ | approach: spot_game+ite | status: realizable | and_gates: 10512 | time: 53.8s | notes: spot_game+ite
[2026-03-19 14:18:41] instance: f-unreal-unreal | approach: spot_game | status: unrealizable | and_gates: N/A | time: 0.4s | notes: spot_game
[2026-03-19 14:20:42] instance: full_arbiter_unreal1_pb_2_20_pe_ | approach: ? | status: timeout | and_gates: N/A | time: 60.0s | notes: ?
[2026-03-19 14:20:42] instance: full_arbiter_unreal1_pb_2_18_pe_ | approach: ? | status: timeout | and_gates: N/A | time: 60.0s | notes: ?
[2026-03-19 14:20:42] instance: full_arbiter_unreal1_pb_2_21_pe_ | approach: ? | status: timeout | and_gates: N/A | time: 60.0s | notes: ?
[2026-03-19 14:20:42] instance: full_arbiter_unreal1_pb_2_22_pe_ | approach: ? | status: timeout | and_gates: N/A | time: 60.0s | notes: ?
[2026-03-19 14:20:42] instance: full_arbiter_unreal1_pb_2_24_pe_ | approach: ? | status: timeout | and_gates: N/A | time: 60.0s | notes: ?
[2026-03-19 14:20:42] instance: full_arbiter_unreal1_pb_2_26_pe_ | approach: ? | status: timeout | and_gates: N/A | time: 60.0s | notes: ?
[2026-03-19 14:22:28] instance: ltl2dba08 | approach: spot_game+both+ud+dc | status: realizable | and_gates: 104 | time: 0.3s | notes: spot_game+both+ud+dc
[2026-03-19 14:22:28] instance: ltl2dpa12 | approach: spot_game+isop | status: realizable | and_gates: 216 | time: 0.2s | notes: spot_game+isop
[2026-03-19 14:22:28] instance: test_f3987563 | approach: spot_game+both+dc | status: realizable | and_gates: 36 | time: 0.2s | notes: spot_game+both+dc
[2026-03-19 14:22:28] instance: ltl2dpa03 | approach: spot_game+isop | status: realizable | and_gates: 1094 | time: 0.3s | notes: spot_game+isop
[2026-03-19 14:22:28] instance: Door_2d1010f8 | approach: spot_game+ite | status: realizable | and_gates: 564 | time: 0.2s | notes: spot_game+ite
[2026-03-19 14:22:28] instance: EscalatorSmart | approach: spot_game+both+ud+dc | status: realizable | and_gates: 123 | time: 0.2s | notes: spot_game+both+ud+dc
[2026-03-19 14:22:28] instance: ltl2dpa19 | approach: spot_game+both+ud+dc | status: realizable | and_gates: 254 | time: 0.3s | notes: spot_game+both+ud+dc
[2026-03-19 14:22:28] instance: LightsMin_6bea956e | approach: spot_game+both+dc | status: realizable | and_gates: 332 | time: 0.2s | notes: spot_game+both+dc
[2026-03-19 14:22:28] instance: MusicAppSimple | approach: spot_game+both+ud+dc | status: realizable | and_gates: 106 | time: 0.2s | notes: spot_game+both+ud+dc
[2026-03-19 14:22:28] instance: Shades2_42dc4fff | approach: spot_game+both+ud+dc | status: realizable | and_gates: 954 | time: 0.2s | notes: spot_game+both+ud+dc
[2026-03-19 14:22:28] instance: Shades2_235467da | approach: spot_game+both+ud+dc | status: realizable | and_gates: 169 | time: 0.2s | notes: spot_game+both+ud+dc
[2026-03-19 14:22:28] instance: SPIReadSdi | approach: spot_game+isop | status: realizable | and_gates: 8 | time: 0.2s | notes: spot_game+isop
[2026-03-19 14:22:28] instance: Heating_974f4a68 | approach: spot_game+ite | status: realizable | and_gates: 1799 | time: 0.5s | notes: spot_game+ite
[2026-03-19 14:22:28] instance: PlugController_fa4d4ce3 | approach: spot_game+ite | status: realizable | and_gates: 920 | time: 0.4s | notes: spot_game+ite
[2026-03-19 14:22:28] instance: Shades2_70523fbe | approach: spot_game+both+ud+dc | status: realizable | and_gates: 177 | time: 0.2s | notes: spot_game+both+ud+dc
[2026-03-19 14:22:28] instance: Shades2_a5f99bc6 | approach: spot_game+both+ud+dc | status: realizable | and_gates: 169 | time: 0.2s | notes: spot_game+both+ud+dc
[2026-03-19 14:22:29] instance: TorcsSteeringSimple | approach: spot_game+both+ud+dc | status: realizable | and_gates: 14 | time: 0.2s | notes: spot_game+both+ud+dc
[2026-03-19 14:22:29] instance: Warnlight_2d1010f8 | approach: spot_game+ite | status: realizable | and_gates: 510 | time: 0.2s | notes: spot_game+ite
[2026-03-19 14:22:29] instance: lilydemo18 | approach: spot_game+isop | status: realizable | and_gates: 5 | time: 0.2s | notes: spot_game+isop
[2026-03-19 14:22:29] instance: test5_6cbc6174 | approach: spot_game+both+ud+dc | status: realizable | and_gates: 31 | time: 0.2s | notes: spot_game+both+ud+dc
[2026-03-19 14:22:29] instance: Gamemodule | approach: spot_game+both+ud+dc | status: realizable | and_gates: 15 | time: 0.2s | notes: spot_game+both+ud+dc
[2026-03-19 14:22:29] instance: KitchenTimerV1 | approach: spot_game+both+ud+dc | status: realizable | and_gates: 35 | time: 0.2s | notes: spot_game+both+ud+dc
[2026-03-19 14:22:29] instance: MusicAppMotivating | approach: spot_game+both+ud+dc | status: realizable | and_gates: 110 | time: 0.2s | notes: spot_game+both+ud+dc
[2026-03-19 14:22:29] instance: MusicAppFeedback | approach: spot_game+isop | status: realizable | and_gates: 734 | time: 0.2s | notes: spot_game+isop
[2026-03-19 14:22:29] instance: CheckCoffeMachineBroken1_a5f99bc6 | approach: spot_game+isop | status: realizable | and_gates: 2278 | time: 0.4s | notes: spot_game+isop
[2026-03-19 14:22:29] instance: LampController_974f4a68 | approach: spot_game+ite | status: realizable | and_gates: 616 | time: 0.3s | notes: spot_game+ite
[2026-03-19 14:22:29] instance: OneCounterInRangeA3 | approach: spot_game+both+ud+dc | status: realizable | and_gates: 14 | time: 0.2s | notes: spot_game+both+ud+dc
[2026-03-19 14:22:29] instance: SPIWriteClk | approach: spot_game+isop | status: realizable | and_gates: 4 | time: 0.2s | notes: spot_game+isop
[2026-03-19 14:22:29] instance: Shades_974f4a68 | approach: spot_game+ite | status: realizable | and_gates: 4115 | time: 1.0s | notes: spot_game+ite
[2026-03-19 14:22:29] instance: ltl2dba07 | approach: spot_game+both+ud+dc | status: realizable | and_gates: 65 | time: 0.2s | notes: spot_game+both+ud+dc
[2026-03-19 14:22:29] instance: TorcsAccelerating | approach: spot_game+isop | status: realizable | and_gates: 1 | time: 0.3s | notes: spot_game+isop
[2026-03-19 14:22:29] instance: test7_2c5b09da | approach: spot_game+both+ud+dc | status: realizable | and_gates: 97 | time: 0.2s | notes: spot_game+both+ud+dc
[2026-03-19 14:22:29] instance: EnemeyModule | approach: spot_game+isop | status: realizable | and_gates: 2 | time: 0.2s | notes: spot_game+isop
[2026-03-19 14:22:30] instance: EscalatorCounting | approach: spot_game+both+ud+dc | status: realizable | and_gates: 17 | time: 0.1s | notes: spot_game+both+ud+dc
[2026-03-19 14:22:30] instance: lilydemo21 | approach: spot_game+both+ud+dc | status: realizable | and_gates: 1263 | time: 0.6s | notes: spot_game+both+ud+dc
[2026-03-19 14:22:30] instance: Lights3Min_6479ef9a | approach: spot_game+ite | status: realizable | and_gates: 33 | time: 0.2s | notes: spot_game+ite
[2026-03-19 14:22:30] instance: WindowMin_a5f99bc6 | approach: spot_game+isop | status: realizable | and_gates: 11 | time: 0.2s | notes: spot_game+isop
[2026-03-19 14:22:30] instance: Light_d65ed84e | approach: spot_game+ite | status: realizable | and_gates: 1951 | time: 0.3s | notes: spot_game+ite
[2026-03-19 14:22:30] instance: test6_0f5381e9 | approach: spot_game+both+ud+dc | status: realizable | and_gates: 13 | time: 0.1s | notes: spot_game+both+ud+dc
[2026-03-19 14:22:30] instance: CoffeeMin_88f351a6 | approach: spot_game+both+ud+dc | status: realizable | and_gates: 447 | time: 0.1s | notes: spot_game+both+ud+dc
[2026-03-19 14:22:30] instance: EscalatorCountingInit | approach: spot_game+both+ud+dc | status: realizable | and_gates: 16 | time: 0.1s | notes: spot_game+both+ud+dc
[2026-03-19 14:22:30] instance: KitchenTimerV2 | approach: spot_game+both+ud+dc | status: realizable | and_gates: 177 | time: 0.1s | notes: spot_game+both+ud+dc
[2026-03-19 14:22:30] instance: door_locking_problem_d6c5ac79 | approach: spot_game+both+ud+dc | status: realizable | and_gates: 2977 | time: 0.7s | notes: spot_game+both+ud+dc
[2026-03-19 14:22:30] instance: AlarmMin_efe2feaf | approach: spot_game+ite | status: realizable | and_gates: 3331 | time: 1.7s | notes: spot_game+ite
[2026-03-19 14:22:30] instance: KitchenTimerV3 | approach: spot_game+ite | status: realizable | and_gates: 966 | time: 0.2s | notes: spot_game+ite
[2026-03-19 14:22:30] instance: KitchenTimerV4 | approach: spot_game+ite | status: realizable | and_gates: 707 | time: 0.2s | notes: spot_game+ite
[2026-03-19 14:22:31] instance: KitchenTimerV5 | approach: spot_game+ite | status: realizable | and_gates: 1771 | time: 0.2s | notes: spot_game+ite
[2026-03-19 14:22:31] instance: CoffeMachine_974f4a68 | approach: spot_game+isop | status: realizable | and_gates: 4533 | time: 0.8s | notes: spot_game+isop
[2026-03-19 14:22:31] instance: RegManager | approach: spot_game+isop | status: realizable | and_gates: N/A | time: 0.1s | notes: spot_game+isop
[2026-03-19 14:22:31] instance: SPIWriteSdi | approach: spot_game+both+ud+dc | status: realizable | and_gates: 20 | time: 0.1s | notes: spot_game+both+ud+dc
[2026-03-19 14:22:31] instance: KitchenTimerV6 | approach: spot_game+ite | status: realizable | and_gates: 1693 | time: 0.7s | notes: spot_game+ite
[2026-03-19 14:22:31] instance: Lights_3461125b | approach: spot_game+isop | status: realizable | and_gates: 5367 | time: 0.7s | notes: spot_game+isop
[2026-03-19 14:22:31] instance: TorcsSteeringSmart | approach: spot_game+both+ud+dc | status: realizable | and_gates: 111 | time: 0.1s | notes: spot_game+both+ud+dc
[2026-03-19 14:22:31] instance: Sensor | approach: spot_game+isop | status: realizable | and_gates: 1245 | time: 0.2s | notes: spot_game+isop
[2026-03-19 14:22:31] instance: Lights_9cac58d3 | approach: spot_game+isop | status: realizable | and_gates: 5367 | time: 0.5s | notes: spot_game+isop
[2026-03-19 14:22:31] instance: Lights_f3987563 | approach: spot_game+isop | status: realizable | and_gates: 5367 | time: 0.8s | notes: spot_game+isop
[2026-03-19 14:22:31] instance: ltl2dpa22 | approach: spot_game+isop | status: realizable | and_gates: 8823 | time: 1.7s | notes: spot_game+isop
[2026-03-19 14:22:32] instance: Window_235467da | approach: spot_game+both+dc | status: realizable | and_gates: 9424 | time: 0.9s | notes: spot_game+both+dc
[2026-03-19 14:22:32] instance: CheckCoffeMachine_f3987563 | approach: spot_game | status: unrealizable | and_gates: N/A | time: 0.1s | notes: spot_game
[2026-03-19 14:22:32] instance: Window_54e1f7d2 | approach: spot_game+both+dc | status: realizable | and_gates: 9424 | time: 0.9s | notes: spot_game+both+dc
[2026-03-19 14:22:32] instance: OneCounterInRangeA1 | approach: spot_game | status: unrealizable | and_gates: N/A | time: 0.1s | notes: spot_game
[2026-03-19 14:22:32] instance: lilydemo16 | approach: spot_game+isop | status: realizable | and_gates: 385 | time: 0.2s | notes: spot_game+isop
[2026-03-19 14:22:32] instance: CheckRoom_2c5b09da | approach: spot_game | status: unrealizable | and_gates: N/A | time: 0.1s | notes: spot_game
[2026-03-19 14:22:32] instance: OneCounterInRange | approach: spot_game | status: unrealizable | and_gates: N/A | time: 0.1s | notes: spot_game
[2026-03-19 14:22:32] instance: CheckCoffeMachine_3461125b | approach: spot_game | status: unrealizable | and_gates: N/A | time: 0.1s | notes: spot_game
[2026-03-19 14:22:32] instance: CoffeMachine_a50cadd7 | approach: spot_game | status: unrealizable | and_gates: N/A | time: 0.1s | notes: spot_game
[2026-03-19 14:22:32] instance: CheckTime_3916ec59 | approach: spot_game | status: unrealizable | and_gates: N/A | time: 0.1s | notes: spot_game
[2026-03-19 14:22:32] instance: Window_42dc4fff | approach: spot_game+both+dc | status: realizable | and_gates: 9377 | time: 1.1s | notes: spot_game+both+dc
[2026-03-19 14:22:32] instance: test8_88f351a6 | approach: spot_game | status: unrealizable | and_gates: N/A | time: 0.1s | notes: spot_game
[2026-03-19 14:22:32] instance: System_b0840146 | approach: spot_game | status: unrealizable | and_gates: N/A | time: 0.1s | notes: spot_game
[2026-03-19 14:22:32] instance: test9_dd3a27e1 | approach: spot_game | status: unrealizable | and_gates: N/A | time: 0.1s | notes: spot_game
[2026-03-19 14:22:32] instance: OneCounterInRangeA2 | approach: spot_game | status: unrealizable | and_gates: N/A | time: 0.1s | notes: spot_game
[2026-03-19 14:22:32] instance: test4_4b82b1f4 | approach: spot_game | status: unrealizable | and_gates: N/A | time: 0.1s | notes: spot_game
[2026-03-19 14:22:32] instance: DeviceBehaviorChec_fa8592c8 | approach: spot_game | status: unrealizable | and_gates: N/A | time: 0.1s | notes: spot_game
[2026-03-19 14:22:32] instance: FelixSpecFixed2.2.core_fa8592c8 | approach: spot_game | status: unrealizable | and_gates: N/A | time: 0.1s | notes: spot_game
[2026-03-19 14:22:33] instance: Light_aeb1d897 | approach: spot_game | status: unrealizable | and_gates: N/A | time: 0.6s | notes: spot_game
[2026-03-19 14:22:38] instance: lazy_shades_problem_d6376bf9 | approach: spot_game+isop | status: realizable | and_gates: 51554 | time: 8.5s | notes: spot_game+isop
[2026-03-19 14:23:02] instance: ActionConverter | approach: spot_game+isop | status: realizable | and_gates: 4 | time: 0.2s | notes: spot_game+isop
[2026-03-19 14:23:03] instance: TorcsSimple | approach: spot_game+both+ud+dc | status: realizable | and_gates: 9 | time: 0.2s | notes: spot_game+both+ud+dc
[2026-03-19 14:23:03] instance: Window2Min_88c5c1c3 | approach: spot_game+both+ud+dc | status: realizable | and_gates: 89 | time: 0.4s | notes: spot_game+both+ud+dc
[2026-03-19 14:23:04] instance: TwoCounters | approach: spot_game | status: unrealizable | and_gates: N/A | time: 0.4s | notes: spot_game
[2026-03-19 14:23:04] instance: Core_66f450a4 | approach: spot_game | status: unrealizable | and_gates: N/A | time: 0.3s | notes: spot_game
[2026-03-19 14:23:04] instance: TwoCountersRefined | approach: spot_game | status: unrealizable | and_gates: N/A | time: 0.4s | notes: spot_game
[2026-03-19 14:23:04] instance: Coffee_f1477cc5 | approach: spot_game | status: unrealizable | and_gates: N/A | time: 0.7s | notes: spot_game
[2026-03-19 14:23:04] instance: Lights_b0840146 | approach: spot_game+ite | status: realizable | and_gates: 7019 | time: 1.6s | notes: spot_game+ite
[2026-03-19 14:23:04] instance: Zoo10 | approach: spot_game+both+ud+dc | status: realizable | and_gates: 25 | time: 0.2s | notes: spot_game+both+ud+dc
[2026-03-19 14:23:04] instance: OneCounterGui | approach: spot_game | status: unrealizable | and_gates: N/A | time: 0.2s | notes: spot_game
[2026-03-19 14:23:04] instance: Core_4b5a2bad | approach: spot_game | status: unrealizable | and_gates: N/A | time: 1.0s | notes: spot_game
[2026-03-19 14:23:04] instance: Window2_f1477cc5 | approach: spot_game | status: unrealizable | and_gates: N/A | time: 0.8s | notes: spot_game
[2026-03-19 14:23:04] instance: OneCounterGuiA1 | approach: spot_game | status: unrealizable | and_gates: N/A | time: 0.3s | notes: spot_game
[2026-03-19 14:23:04] instance: Zoo5 | approach: spot_game+both+ud+dc | status: realizable | and_gates: 23 | time: 0.3s | notes: spot_game+both+ud+dc
[2026-03-19 14:23:05] instance: Lights3_f1477cc5 | approach: spot_game+both+ud+dc | status: realizable | and_gates: 8124 | time: 2.1s | notes: spot_game+both+ud+dc
[2026-03-19 14:23:05] instance: Lights3_6bea956e | approach: spot_game+both+ud+dc | status: realizable | and_gates: 8124 | time: 2.3s | notes: spot_game+both+ud+dc
[2026-03-19 14:23:05] instance: Lights3_235467da | approach: spot_game+both+ud+dc | status: realizable | and_gates: 8124 | time: 2.5s | notes: spot_game+both+ud+dc
[2026-03-19 14:23:05] instance: OneCounterGuiA3 | approach: spot_game | status: unrealizable | and_gates: N/A | time: 0.6s | notes: spot_game
[2026-03-19 14:23:05] instance: OneCounterGuiA4 | approach: spot_game | status: unrealizable | and_gates: N/A | time: 0.8s | notes: spot_game
[2026-03-19 14:23:05] instance: OneCounterGuiA2 | approach: spot_game | status: unrealizable | and_gates: N/A | time: 1.1s | notes: spot_game
[2026-03-19 14:23:05] instance: OneCounterGuiA5 | approach: spot_game | status: unrealizable | and_gates: N/A | time: 0.5s | notes: spot_game
[2026-03-19 14:23:06] instance: Lights2Min_9cbf2546 | approach: spot_game+both+ud+dc | status: realizable | and_gates: 820 | time: 0.4s | notes: spot_game+both+ud+dc
[2026-03-19 14:23:06] instance: OneCounterGuiA7 | approach: spot_game | status: unrealizable | and_gates: N/A | time: 0.9s | notes: spot_game
[2026-03-19 14:23:06] instance: OneCounterGuiA6 | approach: spot_game | status: unrealizable | and_gates: N/A | time: 0.9s | notes: spot_game
[2026-03-19 14:23:06] instance: TwoCounters2 | approach: spot_game | status: unrealizable | and_gates: N/A | time: 0.4s | notes: spot_game
[2026-03-19 14:23:06] instance: TwoCountersInRange | approach: spot_game | status: unrealizable | and_gates: N/A | time: 0.3s | notes: spot_game
[2026-03-19 14:23:06] instance: TwoCountersInRangeA1 | approach: spot_game | status: unrealizable | and_gates: N/A | time: 0.2s | notes: spot_game
[2026-03-19 14:23:06] instance: TorcsSteeringImproved | approach: spot_game+both+ud+dc | status: realizable | and_gates: 604 | time: 0.3s | notes: spot_game+both+ud+dc
[2026-03-19 14:23:07] instance: KitchenTimerV7 | approach: spot_game+ite | status: realizable | and_gates: 1693 | time: 1.7s | notes: spot_game+ite
[2026-03-19 14:23:07] instance: TwoCountersInRangeA2 | approach: spot_game | status: unrealizable | and_gates: N/A | time: 0.3s | notes: spot_game
[2026-03-19 14:23:07] instance: TwoCountersInRangeA3 | approach: spot_game | status: unrealizable | and_gates: N/A | time: 0.3s | notes: spot_game
[2026-03-19 14:23:07] instance: Zoo0 | approach: spot_game+both+ud+dc | status: realizable | and_gates: 30 | time: 0.3s | notes: spot_game+both+ud+dc
[2026-03-19 14:23:07] instance: TwoCountersInRangeA4 | approach: spot_game | status: unrealizable | and_gates: N/A | time: 0.3s | notes: spot_game
[2026-03-19 14:23:07] instance: TwoCountersInRangeA5 | approach: spot_game | status: unrealizable | and_gates: N/A | time: 0.2s | notes: spot_game
[2026-03-19 14:23:07] instance: OneCounterGuiA8 | approach: spot_game | status: unrealizable | and_gates: N/A | time: 1.9s | notes: spot_game
[2026-03-19 14:23:07] instance: TwoCountersInRangeM0 | approach: spot_game | status: unrealizable | and_gates: N/A | time: 0.2s | notes: spot_game
[2026-03-19 14:23:08] instance: TwoCountersInRangeM1 | approach: spot_game | status: unrealizable | and_gates: N/A | time: 0.3s | notes: spot_game
[2026-03-19 14:23:08] instance: TwoCountersInRangeM2 | approach: spot_game | status: unrealizable | and_gates: N/A | time: 0.3s | notes: spot_game
[2026-03-19 14:23:08] instance: TwoCountersInRangeM3 | approach: spot_game | status: unrealizable | and_gates: N/A | time: 0.3s | notes: spot_game
[2026-03-19 14:23:08] instance: TwoCountersInRangeM4 | approach: spot_game | status: unrealizable | and_gates: N/A | time: 0.3s | notes: spot_game
[2026-03-19 14:23:09] instance: Core_fa4d4ce3 | approach: spot_game | status: unrealizable | and_gates: N/A | time: 0.5s | notes: spot_game
[2026-03-19 14:23:10] instance: AllHeating_d6376bf9 | approach: spot_game+isop | status: realizable | and_gates: 16530 | time: 7.6s | notes: spot_game+isop
[2026-03-19 14:23:10] instance: Lights_06e9cad4 | approach: spot_game+ite | status: realizable | and_gates: 6004 | time: 4.9s | notes: spot_game+ite
[2026-03-19 14:23:11] instance: Coffee_6479ef9a | approach: spot_game+isop | status: realizable | and_gates: 13017 | time: 6.5s | notes: spot_game+isop
[2026-03-19 14:23:11] instance: Lights3_3916ec59 | approach: spot_game+ite | status: realizable | and_gates: 11162 | time: 5.7s | notes: spot_game+ite
[2026-03-19 14:23:11] instance: SliderDelayed | approach: spot_game+both+dc | status: realizable | and_gates: 366 | time: 0.6s | notes: spot_game+both+dc
[2026-03-19 14:23:11] instance: SliderScored | approach: spot_game+both+ud+dc | status: realizable | and_gates: 89 | time: 0.2s | notes: spot_game+both+ud+dc
[2026-03-19 14:23:12] instance: EscalatorBidirectional | approach: spot_game+both+ud+dc | status: realizable | and_gates: 64 | time: 0.2s | notes: spot_game+both+ud+dc
[2026-03-19 14:23:12] instance: Lights3_06e9cad4 | approach: spot_game+both+ud+dc | status: realizable | and_gates: 7127 | time: 4.5s | notes: spot_game+both+ud+dc
[2026-03-19 14:23:12] instance: Example1_d6376bf9 | approach: spot_game+both+ud+dc | status: realizable | and_gates: 12 | time: 0.1s | notes: spot_game+both+ud+dc
[2026-03-19 14:23:12] instance: RotationCalculator | approach: spot_game+both+ud+dc | status: realizable | and_gates: 28 | time: 0.2s | notes: spot_game+both+ud+dc
[2026-03-19 14:23:12] instance: Coffee_d6376bf9 | approach: spot_game+both+dc | status: realizable | and_gates: 12955 | time: 5.4s | notes: spot_game+both+dc
[2026-03-19 14:23:13] instance: TwoCountersRefinedRefined | approach: spot_game+both+ud+dc | status: realizable | and_gates: 128 | time: 0.2s | notes: spot_game+both+ud+dc
[2026-03-19 14:23:14] instance: Lights_2c5b09da | approach: spot_game+ite | status: realizable | and_gates: 9098 | time: 3.2s | notes: spot_game+ite
[2026-03-19 14:23:14] instance: Automata | approach: spot_game+isop | status: realizable | and_gates: 61 | time: 0.1s | notes: spot_game+isop
[2026-03-19 14:23:14] instance: Window2_6479ef9a | approach: spot_game+both+ud+dc | status: realizable | and_gates: 6467 | time: 1.7s | notes: spot_game+both+ud+dc
[2026-03-19 14:23:15] instance: EscalatorBidirectionalInit | approach: spot_game+both+ud+dc | status: realizable | and_gates: 107 | time: 0.2s | notes: spot_game+both+ud+dc
[2026-03-19 14:23:15] instance: Window2_aeb1d897 | approach: spot_game+both+ud+dc | status: realizable | and_gates: 7045 | time: 1.9s | notes: spot_game+both+ud+dc
[2026-03-19 14:23:16] instance: Coffee_06e9cad4 | approach: spot_game+both+ud+dc | status: realizable | and_gates: 8593 | time: 4.6s | notes: spot_game+both+ud+dc
[2026-03-19 14:23:16] instance: Lights3_2c5b09da | approach: spot_game+both+ud+dc | status: realizable | and_gates: 10918 | time: 4.1s | notes: spot_game+both+ud+dc
[2026-03-19 14:23:16] instance: KitchenTimerV10 | approach: spot_game+both+dc | status: realizable | and_gates: 1320 | time: 1.6s | notes: spot_game+both+dc
[2026-03-19 14:23:18] instance: KitchenTimerV8 | approach: spot_game+both+ud+dc | status: realizable | and_gates: 2396 | time: 2.6s | notes: spot_game+both+ud+dc
[2026-03-19 14:23:19] instance: KitchenTimerV9 | approach: spot_game+both+ud+dc | status: realizable | and_gates: 1604 | time: 2.5s | notes: spot_game+both+ud+dc
[2026-03-19 14:23:19] instance: Morning2Min_6cbc6174 | approach: spot_game+isop | status: realizable | and_gates: N/A | time: 0.2s | notes: spot_game+isop
[2026-03-19 14:23:26] instance: Coffee_2c5b09da | approach: spot_game+both+ud+dc | status: realizable | and_gates: 26182 | time: 11.4s | notes: spot_game+both+ud+dc
[2026-03-19 14:23:31] instance: Lights2_f1477cc5 | approach: spot_game | status: unrealizable | and_gates: N/A | time: 27.6s | notes: spot_game
[2026-03-19 14:23:32] instance: tmp_13cfc6f2 | approach: spot_game+ite | status: realizable | and_gates: 19001 | time: 20.7s | notes: spot_game+ite
[2026-03-19 14:23:49] instance: FelixSpecFixed3.core_b209ff21 | approach: spot_game | status: unrealizable | and_gates: N/A | time: 45.4s | notes: spot_game
[2026-03-19 14:23:49] instance: TwoCountersDisButA0 | approach: spot_game | status: unrealizable | and_gates: N/A | time: 0.2s | notes: spot_game
[2026-03-19 14:23:49] instance: TwoCountersDisButA1 | approach: spot_game | status: unrealizable | and_gates: N/A | time: 0.2s | notes: spot_game
[2026-03-19 14:23:50] instance: TwoCountersDisButA2 | approach: spot_game | status: unrealizable | and_gates: N/A | time: 0.6s | notes: spot_game
[2026-03-19 14:23:51] instance: TwoCountersDisButA3 | approach: spot_game | status: unrealizable | and_gates: N/A | time: 1.0s | notes: spot_game
[2026-03-19 14:24:01] instance: Coffee_235467da | approach: spot_game+both+ud+dc | status: realizable | and_gates: 107363 | time: 58.5s | notes: spot_game+both+ud+dc
[2026-03-19 14:24:03] instance: Coffee_efe2feaf | approach: spot_game+both+ud+dc | status: realizable | and_gates: 107363 | time: 60.9s | notes: spot_game+both+ud+dc
[2026-03-19 14:24:33] instance: Lights2_b02056d6 | approach: spot_game+isop | status: realizable | and_gates: 159806 | time: 76.3s | notes: spot_game+isop
[2026-03-19 14:24:33] instance: Alarm_88c5c1c3 | approach: spot_game+isop | status: realizable | and_gates: N/A | time: 0.2s | notes: spot_game+isop
[2026-03-19 14:24:34] instance: Alarm_9cac58d3 | approach: spot_game+isop | status: realizable | and_gates: N/A | time: 0.2s | notes: spot_game+isop
[2026-03-19 14:24:39] instance: Lights2_9cac58d3 | approach: spot_game+isop | status: realizable | and_gates: 159806 | time: 82.4s | notes: spot_game+isop
[2026-03-19 14:24:40] instance: Core_solved_974f4a68 | approach: spot_game+both+ud+dc | status: realizable | and_gates: 8258 | time: 5.8s | notes: spot_game+both+ud+dc
[2026-03-19 14:24:44] instance: full_arbiter_unreal1_pb_2_20_pe_ | approach: ? | status: timeout | and_gates: N/A | time: 90.0s | notes: ?
[2026-03-19 14:24:44] instance: full_arbiter_unreal1_pb_2_18_pe_ | approach: ? | status: timeout | and_gates: N/A | time: 90.0s | notes: ?
[2026-03-19 14:24:44] instance: full_arbiter_unreal1_pb_2_21_pe_ | approach: ? | status: timeout | and_gates: N/A | time: 90.0s | notes: ?
[2026-03-19 14:24:44] instance: full_arbiter_unreal1_pb_2_22_pe_ | approach: ? | status: timeout | and_gates: N/A | time: 90.0s | notes: ?
[2026-03-19 14:24:44] instance: full_arbiter_unreal1_pb_2_24_pe_ | approach: ? | status: timeout | and_gates: N/A | time: 90.0s | notes: ?
[2026-03-19 14:24:44] instance: collector_v3_pb_5_pe_ | approach: ? | status: timeout | and_gates: N/A | time: 90.0s | notes: ?
[2026-03-19 14:24:44] instance: full_arbiter_unreal1_pb_3_10_pe_ | approach: ? | status: timeout | and_gates: N/A | time: 90.0s | notes: ?
[2026-03-19 14:24:45] instance: full_arbiter_unreal1_pb_2_26_pe_ | approach: ? | status: timeout | and_gates: N/A | time: 90.0s | notes: ?
[2026-03-19 14:24:45] instance: full_arbiter_unreal1_pb_3_1_pe_ | approach: spot_game | status: unrealizable | and_gates: N/A | time: 0.2s | notes: spot_game
[2026-03-19 14:24:45] instance: full_arbiter_unreal1_pb_3_2_pe_ | approach: spot_game | status: unrealizable | and_gates: N/A | time: 0.1s | notes: spot_game
[2026-03-19 14:24:45] instance: full_arbiter_unreal1_pb_3_3_pe_ | approach: spot_game | status: unrealizable | and_gates: N/A | time: 0.2s | notes: spot_game
[2026-03-19 14:24:45] instance: full_arbiter_unreal1_pb_3_4_pe_ | approach: spot_game | status: unrealizable | and_gates: N/A | time: 0.4s | notes: spot_game
[2026-03-19 14:24:47] instance: full_arbiter_unreal1_pb_3_5_pe_ | approach: spot_game | status: unrealizable | and_gates: N/A | time: 1.7s | notes: spot_game
[2026-03-19 14:24:58] instance: full_arbiter_unreal1_pb_3_6_pe_ | approach: spot_game | status: unrealizable | and_gates: N/A | time: 12.2s | notes: spot_game
[2026-03-19 14:25:15] instance: LightsTotal_2c5b09da | approach: ? | status: timeout | and_gates: N/A | time: 120.0s | notes: ?
[2026-03-19 14:25:15] instance: SingleContoller_d65ed84e | approach: ? | status: timeout | and_gates: N/A | time: 120.0s | notes: ?
[2026-03-19 14:25:18] instance: AllLights_63831f8c | approach: ? | status: timeout | and_gates: N/A | time: 120.0s | notes: ?
[2026-03-19 14:25:18] instance: AllLights_aeb1d897 | approach: ? | status: timeout | and_gates: N/A | time: 120.0s | notes: ?
[2026-03-19 14:25:18] instance: AllLights_b209ff21 | approach: ? | status: timeout | and_gates: N/A | time: 120.0s | notes: ?
[2026-03-19 14:25:19] instance: AllLights_06e9cad4 | approach: ? | status: timeout | and_gates: N/A | time: 120.0s | notes: ?
[2026-03-19 14:25:28] instance: TwoCountersDisButA4 | approach: spot_game | status: unrealizable | and_gates: N/A | time: 11.4s | notes: spot_game
[2026-03-19 14:25:28] instance: Lights2_f3987563 | approach: ? | status: timeout | and_gates: N/A | time: 120.0s | notes: ?
[2026-03-19 14:25:29] instance: Alarm_f2774e0b | approach: ? | status: timeout | and_gates: N/A | time: 120.0s | notes: ?
[2026-03-19 14:25:29] instance: TwoCountersDisButA5 | approach: spot_game | status: unrealizable | and_gates: N/A | time: 13.7s | notes: spot_game
[2026-03-19 14:25:29] instance: Scoreboard | approach: spot_game+ite | status: realizable | and_gates: 4 | time: 0.9s | notes: spot_game+ite
[2026-03-19 14:25:36] instance: Lights2_0f5381e9 | approach: ? | status: timeout | and_gates: N/A | time: 120.0s | notes: ?
[2026-03-19 14:25:38] instance: OneCounter | approach: spot_game+both+ud+dc | status: realizable | and_gates: 123 | time: 1.9s | notes: spot_game+both+ud+dc
[2026-03-19 14:25:39] instance: SensorInit | approach: spot_game+isop | status: realizable | and_gates: 46 | time: 0.4s | notes: spot_game+isop
[2026-03-19 14:25:40] instance: SensorSubmodulChooser | approach: spot_game+both+ud+dc | status: realizable | and_gates: 74 | time: 0.3s | notes: spot_game+both+ud+dc
[2026-03-19 14:25:41] instance: AllLights_2c5b09da | approach: ? | status: timeout | and_gates: N/A | time: 120.0s | notes: ?
[2026-03-19 14:25:42] instance: LightsTotal_9cbf2546 | approach: ? | status: timeout | and_gates: N/A | time: 120.0s | notes: ?
[2026-03-19 14:25:43] instance: TwoCounters4 | approach: spot_game+both+ud+dc | status: realizable | and_gates: 40 | time: 0.5s | notes: spot_game+both+ud+dc
[2026-03-19 14:25:44] instance: TwoCounters3 | approach: spot_game+isop | status: realizable | and_gates: 8 | time: 3.6s | notes: spot_game+isop
[2026-03-19 14:26:02] instance: AllShades_66f450a4 | approach: ? | status: timeout | and_gates: N/A | time: 120.0s | notes: ?
[2026-03-19 14:26:11] instance: Alarm_68c86764 | approach: ? | status: timeout | and_gates: N/A | time: 120.0s | notes: ?
[2026-03-19 14:26:14] instance: GamemodeChooser | approach: spot_game+both+ud+dc | status: realizable | and_gates: 80 | time: 1.4s | notes: spot_game+both+ud+dc
[2026-03-19 14:26:14] instance: Alarm_70523fbe | approach: ? | status: timeout | and_gates: N/A | time: 120.0s | notes: ?
[2026-03-19 14:26:16] instance: SPIWriteManag | approach: spot_game+both+ud+dc | status: realizable | and_gates: 7 | time: 0.5s | notes: spot_game+both+ud+dc
[2026-03-19 14:26:17] instance: SPI | approach: spot_game+both+ud+dc | status: realizable | and_gates: 87 | time: 1.7s | notes: spot_game+both+ud+dc
[2026-03-19 14:26:18] instance: Window2_54e1f7d2 | approach: spot_game+isop | status: realizable | and_gates: N/A | time: 0.8s | notes: spot_game+isop
[2026-03-19 14:26:20] instance: test2_f2774e0b | approach: spot_game+ite | status: realizable | and_gates: 2 | time: 0.5s | notes: spot_game+ite
[2026-03-19 14:26:21] instance: test3_efe2feaf | approach: spot_game+both+ud+dc | status: realizable | and_gates: 31 | time: 0.4s | notes: spot_game+both+ud+dc
[2026-03-19 14:26:24] instance: full_arbiter_unreal1_pb_3_11_pe_ | approach: ? | status: timeout | and_gates: N/A | time: 90.0s | notes: ?
[2026-03-19 14:26:25] instance: full_arbiter_unreal1_pb_3_12_pe_ | approach: ? | status: timeout | and_gates: N/A | time: 90.0s | notes: ?
[2026-03-19 14:26:25] instance: full_arbiter_unreal1_pb_3_14_pe_ | approach: ? | status: timeout | and_gates: N/A | time: 90.0s | notes: ?
[2026-03-19 14:26:25] instance: full_arbiter_unreal1_pb_3_15_pe_ | approach: ? | status: timeout | and_gates: N/A | time: 90.0s | notes: ?
[2026-03-19 14:26:25] instance: full_arbiter_unreal1_pb_3_16_pe_ | approach: ? | status: timeout | and_gates: N/A | time: 90.0s | notes: ?
[2026-03-19 14:26:25] instance: full_arbiter_unreal1_pb_3_13_pe_ | approach: ? | status: timeout | and_gates: N/A | time: 90.0s | notes: ?
[2026-03-19 14:26:26] instance: gf-unreal4 | approach: spot_game | status: unrealizable | and_gates: N/A | time: 0.4s | notes: spot_game
[2026-03-19 14:26:26] instance: gf-unreal6 | approach: spot_game | status: unrealizable | and_gates: N/A | time: 0.7s | notes: spot_game
[2026-03-19 14:26:26] instance: gf-unreal5 | approach: spot_game | status: unrealizable | and_gates: N/A | time: 0.5s | notes: spot_game
[2026-03-19 14:26:26] instance: gf-unreal7 | approach: spot_game | status: unrealizable | and_gates: N/A | time: 0.4s | notes: spot_game
[2026-03-19 14:26:26] instance: full_arbiter_unreal2_pb_3_pe_ | approach: spot_game | status: unrealizable | and_gates: N/A | time: 0.5s | notes: spot_game
[2026-03-19 14:26:26] instance: infinite-race-real | approach: spot_game+ite | status: realizable | and_gates: 60 | time: 0.2s | notes: spot_game+ite
[2026-03-19 14:26:26] instance: ltl2dba_C2_pb_5_pe_ | approach: spot_game+both+ud+dc | status: realizable | and_gates: 104 | time: 0.1s | notes: spot_game+both+ud+dc
[2026-03-19 14:26:27] instance: infinite-race-u0 | approach: spot_game | status: unrealizable | and_gates: N/A | time: 0.2s | notes: spot_game
[2026-03-19 14:26:27] instance: lift_wrong_physics_unreal_pb_2_pe_ | approach: spot_game+both+ud+dc | status: realizable | and_gates: 142 | time: 0.2s | notes: spot_game+both+ud+dc
[2026-03-19 14:26:27] instance: lift_pb_2_pe_ | approach: spot_game+both+ud+dc | status: realizable | and_gates: 142 | time: 0.2s | notes: spot_game+both+ud+dc
[2026-03-19 14:26:27] instance: ltl2dba_E_pb_5_pe_ | approach: spot_game+ite | status: realizable | and_gates: 88 | time: 0.2s | notes: spot_game+ite
[2026-03-19 14:26:27] instance: ltl2dba_C2_unreal_pb_5_pe_ | approach: spot_game | status: unrealizable | and_gates: N/A | time: 0.2s | notes: spot_game
[2026-03-19 14:26:27] instance: ltl2dba_theta_pb_3_pe_ | approach: spot_game | status: unrealizable | and_gates: N/A | time: 0.1s | notes: spot_game
[2026-03-19 14:26:27] instance: ltl2dba_Q_pb_5_pe_ | approach: spot_game+both+ud+dc | status: realizable | and_gates: 1596 | time: 0.3s | notes: spot_game+both+ud+dc
[2026-03-19 14:26:27] instance: ltl2dba_U1_pb_5_pe_ | approach: spot_game+both+ud+dc | status: realizable | and_gates: 368 | time: 0.1s | notes: spot_game+both+ud+dc
[2026-03-19 14:26:27] instance: full_arbiter_unreal1_pb_3_7_pe_ | approach: ? | status: timeout | and_gates: N/A | time: 90.0s | notes: ?
[2026-03-19 14:26:27] instance: prioritized_arbiter_pb_2_pe_ | approach: spot_game+both+dc | status: realizable | and_gates: 120 | time: 0.2s | notes: spot_game+both+dc
[2026-03-19 14:26:28] instance: prioritized_arbiter_unreal1_pb_2_10_pe_ | approach: spot_game | status: unrealizable | and_gates: N/A | time: 1.3s | notes: spot_game
[2026-03-19 14:26:29] instance: prioritized_arbiter_unreal1_pb_2_11_pe_ | approach: spot_game | status: unrealizable | and_gates: N/A | time: 1.9s | notes: spot_game
[2026-03-19 14:26:30] instance: prioritized_arbiter_unreal1_pb_2_1_pe_ | approach: spot_game | status: unrealizable | and_gates: N/A | time: 0.2s | notes: spot_game
[2026-03-19 14:26:30] instance: prioritized_arbiter_unreal1_pb_2_2_pe_ | approach: spot_game | status: unrealizable | and_gates: N/A | time: 0.1s | notes: spot_game
[2026-03-19 14:26:30] instance: prioritized_arbiter_unreal1_pb_2_3_pe_ | approach: spot_game | status: unrealizable | and_gates: N/A | time: 0.1s | notes: spot_game
[2026-03-19 14:26:30] instance: prioritized_arbiter_unreal1_pb_2_4_pe_ | approach: spot_game | status: unrealizable | and_gates: N/A | time: 0.2s | notes: spot_game
[2026-03-19 14:26:31] instance: prioritized_arbiter_unreal1_pb_2_5_pe_ | approach: spot_game | status: unrealizable | and_gates: N/A | time: 0.2s | notes: spot_game
[2026-03-19 14:26:31] instance: MorningMin_d6c5ac79 | approach: spot_game+both+ud+dc | status: realizable | and_gates: 7544 | time: 9.0s | notes: spot_game+both+ud+dc
[2026-03-19 14:26:31] instance: prioritized_arbiter_unreal1_pb_2_6_pe_ | approach: spot_game | status: unrealizable | and_gates: N/A | time: 0.2s | notes: spot_game
[2026-03-19 14:26:31] instance: Automata16S | approach: spot_game+isop | status: realizable | and_gates: 92 | time: 0.2s | notes: spot_game+isop
[2026-03-19 14:26:31] instance: prioritized_arbiter_unreal1_pb_2_7_pe_ | approach: spot_game | status: unrealizable | and_gates: N/A | time: 0.2s | notes: spot_game
[2026-03-19 14:26:32] instance: prioritized_arbiter_unreal1_pb_2_12_pe_ | approach: spot_game | status: unrealizable | and_gates: N/A | time: 4.1s | notes: spot_game
[2026-03-19 14:26:32] instance: prioritized_arbiter_unreal1_pb_2_8_pe_ | approach: spot_game | status: unrealizable | and_gates: N/A | time: 0.3s | notes: spot_game
[2026-03-19 14:26:32] instance: prioritized_arbiter_unreal2_pb_2_pe_ | approach: spot_game | status: unrealizable | and_gates: N/A | time: 0.1s | notes: spot_game
[2026-03-19 14:26:32] instance: prioritized_arbiter_unreal1_pb_2_9_pe_ | approach: spot_game | status: unrealizable | and_gates: N/A | time: 0.5s | notes: spot_game
[2026-03-19 14:26:32] instance: Lights2_06e9cad4 | approach: spot_game+both+ud+dc | status: realizable | and_gates: 118839 | time: 113.4s | notes: spot_game+both+ud+dc
[2026-03-19 14:26:32] instance: round_robin_arbiter_pb_3_pe_ | approach: spot_game+both+ud+dc | status: realizable | and_gates: 161 | time: 0.2s | notes: spot_game+both+ud+dc
[2026-03-19 14:26:33] instance: SPIReadManag | approach: spot_game+both+ud+dc | status: realizable | and_gates: 97 | time: 0.1s | notes: spot_game+both+ud+dc
[2026-03-19 14:26:33] instance: Cockpitboard | approach: spot_game+ite | status: realizable | and_gates: 7 | time: 0.1s | notes: spot_game+ite
[2026-03-19 14:26:33] instance: Cockpitboard_efe2feaf | approach: spot_game+ite | status: realizable | and_gates: 7 | time: 0.1s | notes: spot_game+ite
[2026-03-19 14:26:33] instance: Morning2_4d4ca5c4 | approach: spot_game+isop | status: realizable | and_gates: N/A | time: 0.2s | notes: spot_game+isop
[2026-03-19 14:26:34] instance: Morning2_9cac58d3 | approach: spot_game+isop | status: realizable | and_gates: N/A | time: 0.1s | notes: spot_game+isop
[2026-03-19 14:26:34] instance: SensorPart | approach: spot_game+both+ud+dc | status: realizable | and_gates: 43 | time: 3.0s | notes: spot_game+both+ud+dc
[2026-03-19 14:26:36] instance: prioritized_arbiter_unreal1_pb_2_13_pe_ | approach: spot_game | status: unrealizable | and_gates: N/A | time: 8.4s | notes: spot_game
[2026-03-19 14:26:38] instance: full_arbiter_unreal1_pb_3_8_pe_ | approach: ? | status: timeout | and_gates: N/A | time: 90.0s | notes: ?
[2026-03-19 14:26:38] instance: TwoCountersDisButA6 | approach: spot_game | status: unrealizable | and_gates: N/A | time: 80.4s | notes: spot_game
[2026-03-19 14:26:39] instance: Window2_9cac58d3 | approach: spot_game+isop | status: realizable | and_gates: N/A | time: 20.6s | notes: spot_game+isop
[2026-03-19 14:26:41] instance: TwoCountersDisButA7 | approach: spot_game | status: unrealizable | and_gates: N/A | time: 82.5s | notes: spot_game
[2026-03-19 14:26:45] instance: prioritized_arbiter_unreal1_pb_2_14_pe_ | approach: spot_game | status: unrealizable | and_gates: N/A | time: 17.3s | notes: spot_game
[2026-03-19 14:26:50] instance: LightsTotal_d65ed84e | approach: ? | status: timeout | and_gates: N/A | time: 120.0s | notes: ?
[2026-03-19 14:26:50] instance: Radarboard | approach: spot_game+ite | status: realizable | and_gates: 6 | time: 0.2s | notes: spot_game+ite
[2026-03-19 14:26:51] instance: SensorSelector | approach: spot_game+both+ud+dc | status: realizable | and_gates: 25 | time: 0.2s | notes: spot_game+both+ud+dc
[2026-03-19 14:26:51] instance: Gamelogic | approach: spot_game+both+ud+dc | status: realizable | and_gates: 47 | time: 0.2s | notes: spot_game+both+ud+dc
[2026-03-19 14:27:05] instance: prioritized_arbiter_unreal1_pb_2_15_pe_ | approach: spot_game | status: unrealizable | and_gates: N/A | time: 37.7s | notes: spot_game
[2026-03-19 14:27:29] instance: TwoCountersDisButA8 | approach: ? | status: timeout | and_gates: N/A | time: 120.0s | notes: ?
[2026-03-19 14:27:29] instance: TwoCountersDisButA9 | approach: ? | status: timeout | and_gates: N/A | time: 120.0s | notes: ?
[2026-03-19 14:27:38] instance: ModdifiedLedMatrix4X | approach: ? | status: timeout | and_gates: N/A | time: 120.0s | notes: ?
[2026-03-19 14:27:40] instance: LightsTotal_06e9cad4 | approach: ? | status: timeout | and_gates: N/A | time: 120.0s | notes: ?
[2026-03-19 14:27:40] instance: Morning2_1cf58fc1 | approach: ? | status: timeout | and_gates: N/A | time: 120.0s | notes: ?
[2026-03-19 14:27:40] instance: Lights2_2c5b09da | approach: ? | status: timeout | and_gates: N/A | time: 120.0s | notes: ?
[2026-03-19 14:27:41] instance: FelixSpecFixed2_fa4d4ce3 | approach: spot_game+isop | status: realizable | and_gates: N/A | time: 0.7s | notes: spot_game+isop
[2026-03-19 14:27:41] instance: Automata32S | approach: spot_game+both+dc | status: realizable | and_gates: 142 | time: 0.9s | notes: spot_game+both+dc
[2026-03-19 14:27:42] instance: FelixSpecFixed3_b0840146 | approach: spot_game+isop | status: realizable | and_gates: N/A | time: 0.5s | notes: spot_game+isop
[2026-03-19 14:27:42] instance: FelixSpecFixed4_3916ec59 | approach: spot_game+isop | status: realizable | and_gates: N/A | time: 0.5s | notes: spot_game+isop
[2026-03-19 14:27:43] instance: FelixSpecFixed_2418b67e | approach: spot_game+isop | status: realizable | and_gates: N/A | time: 0.7s | notes: spot_game+isop
[2026-03-19 14:27:51] instance: Morning_f1477cc5 | approach: ? | status: timeout | and_gates: N/A | time: 120.0s | notes: ?
[2026-03-19 14:27:52] instance: TwoCountersGui | approach: spot_game | status: unrealizable | and_gates: N/A | time: 0.4s | notes: spot_game
[2026-03-19 14:27:53] instance: Alarm_06e9cad4 | approach: ? | status: timeout | and_gates: N/A | time: 120.0s | notes: ?
[2026-03-19 14:27:54] instance: Alarm_a5f99bc6 | approach: ? | status: timeout | and_gates: N/A | time: 120.0s | notes: ?
[2026-03-19 14:28:05] instance: full_arbiter_unreal1_pb_3_9_pe_ | approach: ? | status: timeout | and_gates: N/A | time: 90.0s | notes: ?
[2026-03-19 14:28:09] instance: prioritized_arbiter_unreal1_pb_2_16_pe_ | approach: ? | status: timeout | and_gates: N/A | time: 90.0s | notes: ?
[2026-03-19 14:28:10] instance: round_robin_arbiter_unreal1_pb_3_1_pe_ | approach: spot_game | status: unrealizable | and_gates: N/A | time: 0.6s | notes: spot_game
[2026-03-19 14:28:12] instance: Morning_f2774e0b | approach: ? | status: timeout | and_gates: N/A | time: 120.0s | notes: ?
[2026-03-19 14:28:12] instance: round_robin_arbiter_unreal1_pb_3_10_pe_ | approach: ? | status: timeout | and_gates: N/A | time: 90.0s | notes: ?
[2026-03-19 14:28:13] instance: round_robin_arbiter_unreal1_pb_3_11_pe_ | approach: ? | status: timeout | and_gates: N/A | time: 90.0s | notes: ?
[2026-03-19 14:28:13] instance: round_robin_arbiter_unreal1_pb_3_2_pe_ | approach: spot_game | status: unrealizable | and_gates: N/A | time: 0.2s | notes: spot_game
[2026-03-19 14:28:13] instance: round_robin_arbiter_unreal1_pb_3_3_pe_ | approach: spot_game | status: unrealizable | and_gates: N/A | time: 0.2s | notes: spot_game
[2026-03-19 14:28:14] instance: round_robin_arbiter_unreal1_pb_3_4_pe_ | approach: spot_game | status: unrealizable | and_gates: N/A | time: 0.3s | notes: spot_game
[2026-03-19 14:28:16] instance: round_robin_arbiter_unreal1_pb_3_12_pe_ | approach: ? | status: timeout | and_gates: N/A | time: 90.0s | notes: ?
[2026-03-19 14:28:17] instance: round_robin_arbiter_unreal1_pb_3_5_pe_ | approach: spot_game | status: unrealizable | and_gates: N/A | time: 1.1s | notes: spot_game
[2026-03-19 14:28:18] instance: round_robin_arbiter_unreal1_pb_3_13_pe_ | approach: ? | status: timeout | and_gates: N/A | time: 90.0s | notes: ?
[2026-03-19 14:28:25] instance: round_robin_arbiter_unreal1_pb_3_14_pe_ | approach: ? | status: timeout | and_gates: N/A | time: 90.0s | notes: ?
[2026-03-19 14:28:28] instance: round_robin_arbiter_unreal1_pb_3_6_pe_ | approach: spot_game | status: unrealizable | and_gates: N/A | time: 10.2s | notes: spot_game
[2026-03-19 14:28:44] instance: Morning_88c5c1c3 | approach: ? | status: timeout | and_gates: N/A | time: 120.0s | notes: ?
[2026-03-19 14:28:44] instance: Morning_9cac58d3 | approach: ? | status: timeout | and_gates: N/A | time: 120.0s | notes: ?
[2026-03-19 14:28:45] instance: round_robin_arbiter_unreal1_pb_3_15_pe_ | approach: ? | status: timeout | and_gates: N/A | time: 90.0s | notes: ?
[2026-03-19 14:28:46] instance: round_robin_arbiter_unreal2_pb_3_pe_ | approach: spot_game | status: unrealizable | and_gates: N/A | time: 0.2s | notes: spot_game
[2026-03-19 14:28:49] instance: ModdifiedLedMatrix5X | approach: ? | status: timeout | and_gates: N/A | time: 120.0s | notes: ?
[2026-03-19 14:28:50] instance: TwoCountersDisButAC | approach: ? | status: timeout | and_gates: N/A | time: 120.0s | notes: ?
[2026-03-19 14:28:50] instance: jarvis_gideon_a02758ea | approach: spot_game | status: unrealizable | and_gates: N/A | time: 0.3s | notes: spot_game
[2026-03-19 14:28:51] instance: Morning_4b5e6eaa | approach: ? | status: timeout | and_gates: N/A | time: 120.0s | notes: ?
[2026-03-19 14:29:01] instance: LedMatrix | approach: ? | status: timeout | and_gates: N/A | time: 120.0s | notes: ?
[2026-03-19 14:29:03] instance: amba_decomposed_arbiter_pb_3_pe_ | approach: spot_game | status: unrealizable | and_gates: N/A | time: 0.3s | notes: spot_game
[2026-03-19 14:29:03] instance: arbiter-with-failure-real | approach: spot_game+simplify+both+ud+dc | status: realizable | and_gates: 177 | time: 0.2s | notes: spot_game+simplify+both+ud+dc
[2026-03-19 14:29:03] instance: amba_decomposed_encode_pb_5_pe_ | approach: spot_game | status: unrealizable | and_gates: N/A | time: 0.3s | notes: spot_game
[2026-03-19 14:29:03] instance: g-unreal-11 | approach: spot_game | status: unrealizable | and_gates: N/A | time: 0.3s | notes: spot_game
[2026-03-19 14:29:03] instance: diagonal-real | approach: spot_game+minimize+both+dc | status: realizable | and_gates: 13 | time: 0.4s | notes: spot_game+minimize+both+dc
[2026-03-19 14:29:03] instance: box-limited-real | approach: spot_game+minimize+both+dc | status: realizable | and_gates: 4 | time: 0.4s | notes: spot_game+minimize+both+dc
[2026-03-19 14:29:03] instance: arbiter_with_cancel_pb_3_pe_ | approach: spot_game+split+isop | status: realizable | and_gates: 396 | time: 0.3s | notes: spot_game+split+isop
[2026-03-19 14:29:03] instance: gf-unreal32 | approach: spot_game | status: unrealizable | and_gates: N/A | time: 0.9s | notes: spot_game
[2026-03-19 14:29:04] instance: gf-unreal35 | approach: spot_game | status: unrealizable | and_gates: N/A | time: 0.7s | notes: spot_game
[2026-03-19 14:29:04] instance: gf-unreal33 | approach: spot_game | status: unrealizable | and_gates: N/A | time: 0.8s | notes: spot_game
[2026-03-19 14:29:04] instance: gf-unreal36 | approach: spot_game | status: unrealizable | and_gates: N/A | time: 0.8s | notes: spot_game
[2026-03-19 14:29:04] instance: gf-unreal34 | approach: spot_game | status: unrealizable | and_gates: N/A | time: 1.0s | notes: spot_game
[2026-03-19 14:29:04] instance: gf-unreal37 | approach: spot_game | status: unrealizable | and_gates: N/A | time: 1.0s | notes: spot_game
[2026-03-19 14:29:04] instance: gf-unreal38 | approach: spot_game | status: unrealizable | and_gates: N/A | time: 1.0s | notes: spot_game
[2026-03-19 14:29:05] instance: gf-unreal39 | approach: spot_game | status: unrealizable | and_gates: N/A | time: 1.7s | notes: spot_game
[2026-03-19 14:29:05] instance: gf-unreal40 | approach: spot_game | status: unrealizable | and_gates: N/A | time: 1.2s | notes: spot_game
[2026-03-19 14:29:05] instance: gf-unreal42 | approach: spot_game | status: unrealizable | and_gates: N/A | time: 1.5s | notes: spot_game
[2026-03-19 14:29:06] instance: gf-unreal44 | approach: spot_game | status: unrealizable | and_gates: N/A | time: 1.6s | notes: spot_game
[2026-03-19 14:29:06] instance: gf-unreal41 | approach: spot_game | status: unrealizable | and_gates: N/A | time: 1.7s | notes: spot_game
[2026-03-19 14:29:06] instance: gf-unreal46 | approach: spot_game | status: unrealizable | and_gates: N/A | time: 1.7s | notes: spot_game
[2026-03-19 14:29:06] instance: gf-unreal45 | approach: spot_game | status: unrealizable | and_gates: N/A | time: 1.8s | notes: spot_game
[2026-03-19 14:29:06] instance: gf-unreal43 | approach: spot_game | status: unrealizable | and_gates: N/A | time: 2.1s | notes: spot_game
[2026-03-19 14:29:06] instance: gf-unreal47 | approach: spot_game | status: unrealizable | and_gates: N/A | time: 0.9s | notes: spot_game
[2026-03-19 14:29:06] instance: lift_wrong_physics_unreal_pb_4_pe_ | approach: spot_game | status: unrealizable | and_gates: N/A | time: 0.2s | notes: spot_game
[2026-03-19 14:29:07] instance: load_balancer_pb_4_pe_ | approach: spot_game+minimize+ite | status: realizable | and_gates: 277 | time: 0.4s | notes: spot_game+minimize+ite
[2026-03-19 14:29:07] instance: load_balancer_unreal1_pb_4_1_pe_ | approach: spot_game | status: unrealizable | and_gates: N/A | time: 0.2s | notes: spot_game
[2026-03-19 14:29:07] instance: lift_gr1_pb_3_pe_ | approach: spot_game+split+both+ud+dc | status: realizable | and_gates: 1585 | time: 1.5s | notes: spot_game+split+both+ud+dc
[2026-03-19 14:29:07] instance: load_balancer_unreal1_pb_4_2_pe_ | approach: spot_game | status: unrealizable | and_gates: N/A | time: 0.2s | notes: spot_game
[2026-03-19 14:29:07] instance: lift_unary_enc_pb_3_pe_ | approach: spot_game+minimize+both+dc | status: realizable | and_gates: 910 | time: 1.3s | notes: spot_game+minimize+both+dc
[2026-03-19 14:29:07] instance: load_balancer_unreal1_pb_4_3_pe_ | approach: spot_game | status: unrealizable | and_gates: N/A | time: 0.3s | notes: spot_game
[2026-03-19 14:29:08] instance: load_balancer_unreal1_pb_4_4_pe_ | approach: spot_game | status: unrealizable | and_gates: N/A | time: 0.3s | notes: spot_game
[2026-03-19 14:29:08] instance: lift_gr1+_pb_2_pe_ | approach: spot_game+minimize+ite | status: realizable | and_gates: 3547 | time: 3.5s | notes: spot_game+minimize+ite
[2026-03-19 14:29:09] instance: load_balancer_unreal1_pb_4_5_pe_ | approach: spot_game | status: unrealizable | and_gates: N/A | time: 1.2s | notes: spot_game
[2026-03-19 14:29:09] instance: ltl2dba_C2_pb_8_pe_ | approach: spot_game+simplify+both+ud+dc | status: realizable | and_gates: 167 | time: 0.2s | notes: spot_game+simplify+both+ud+dc
[2026-03-19 14:29:09] instance: ltl2dba_C2_unreal_pb_8_pe_ | approach: spot_game | status: unrealizable | and_gates: N/A | time: 0.2s | notes: spot_game
[2026-03-19 14:29:10] instance: round_robin_arbiter_unreal1_pb_3_7_pe_ | approach: spot_game | status: unrealizable | and_gates: N/A | time: 51.2s | notes: spot_game
[2026-03-19 14:29:10] instance: simple_arbiter_unreal1_pb_3_1_pe_ | approach: spot_game | status: unrealizable | and_gates: N/A | time: 0.3s | notes: spot_game
[2026-03-19 14:29:11] instance: simple_arbiter_unreal1_pb_3_2_pe_ | approach: spot_game | status: unrealizable | and_gates: N/A | time: 0.2s | notes: spot_game
[2026-03-19 14:29:11] instance: simple_arbiter_unreal1_pb_3_3_pe_ | approach: spot_game | status: unrealizable | and_gates: N/A | time: 0.1s | notes: spot_game
[2026-03-19 14:29:11] instance: simple_arbiter_unreal1_pb_3_4_pe_ | approach: spot_game | status: unrealizable | and_gates: N/A | time: 0.2s | notes: spot_game
[2026-03-19 14:29:12] instance: simple_arbiter_unreal1_pb_3_5_pe_ | approach: spot_game | status: unrealizable | and_gates: N/A | time: 1.0s | notes: spot_game
[2026-03-19 14:29:15] instance: load_balancer_unreal1_pb_4_6_pe_ | approach: spot_game | status: unrealizable | and_gates: N/A | time: 7.6s | notes: spot_game
[2026-03-19 14:29:18] instance: simple_arbiter_unreal1_pb_3_6_pe_ | approach: spot_game | status: unrealizable | and_gates: N/A | time: 5.4s | notes: spot_game
[2026-03-19 14:29:39] instance: Morning_c92eb242 | approach: ? | status: timeout | and_gates: N/A | time: 120.0s | notes: ?
[2026-03-19 14:29:39] instance: IntendDemo_42dc4fff | approach: ? | status: timeout | and_gates: N/A | time: 120.0s | notes: ?
[2026-03-19 14:29:45] instance: round_robin_arbiter_unreal1_pb_3_16_pe_ | approach: ? | status: timeout | and_gates: N/A | time: 90.0s | notes: ?
[2026-03-19 14:29:48] instance: Morning_14a3b3a2 | approach: ? | status: timeout | and_gates: N/A | time: 120.0s | notes: ?
[2026-03-19 14:29:50] instance: TwoCounters5 | approach: ? | status: timeout | and_gates: N/A | time: 120.0s | notes: ?
[2026-03-19 14:29:50] instance: round_robin_arbiter_unreal1_pb_3_20_pe_ | approach: ? | status: timeout | and_gates: N/A | time: 90.0s | notes: ?
[2026-03-19 14:29:52] instance: round_robin_arbiter_unreal1_pb_3_22_pe_ | approach: ? | status: timeout | and_gates: N/A | time: 90.0s | notes: ?
[2026-03-19 14:29:53] instance: simple_arbiter_unreal2_pb_3_pe_ | approach: spot_game | status: unrealizable | and_gates: N/A | time: 0.2s | notes: spot_game
[2026-03-19 14:29:53] instance: 01 | approach: spot_game+minimize+both+ud+dc | status: realizable | and_gates: 48 | time: 0.2s | notes: spot_game+minimize+both+ud+dc
[2026-03-19 14:29:53] instance: amba_decomposed_arbiter_pb_2_pe_ | approach: spot_game | status: unrealizable | and_gates: N/A | time: 0.2s | notes: spot_game
[2026-03-19 14:29:54] instance: amba_decomposed_encode_pb_4_pe_ | approach: spot_game | status: unrealizable | and_gates: N/A | time: 0.2s | notes: spot_game
[2026-03-19 14:29:54] instance: round_robin_arbiter_unreal1_pb_3_50_pe_ | approach: ? | status: timeout | and_gates: N/A | time: 90.0s | notes: ?
[2026-03-19 14:29:54] instance: finding_nemo_pb_1_pe_ | approach: spot_game | status: error | and_gates: N/A | time: 0.2s | notes: spot_game | error: Empty formula from syfco
